<?xml version="1.0" encoding="UTF-8"?>
<!-- Generated by org.testng.reporters.JUnitXMLReporter -->
<testsuite hostname="DESKTOP-FGG3A1F" ignored="0" name="Default test" tests="474" failures="0" timestamp="15 Feb 2023 11:11:13 GMT" time="1.997" errors="0">
  <testcase name="testAllFields" time="0.068" classname="in.zapr.druid.druidry.filter.searchQuerySpec.FragmentSearchQuerySpecTest"/>
  <testcase name="testMissingValueField" time="0.001" classname="in.zapr.druid.druidry.filter.searchQuerySpec.FragmentSearchQuerySpecTest"/>
  <testcase name="testRequiredFields" time="0.005" classname="in.zapr.druid.druidry.filter.searchQuerySpec.FragmentSearchQuerySpecTest"/>
  <testcase name="testAllFields" time="0.01" classname="in.zapr.druid.druidry.extensions.datasketches.postAggregator.QuantilesSketchToQuantilesPostAggregatorTest"/>
  <testcase name="testNullField" time="0.001" classname="in.zapr.druid.druidry.extensions.datasketches.postAggregator.QuantilesSketchToQuantilesPostAggregatorTest"/>
  <testcase name="testNullFractions" time="0.001" classname="in.zapr.druid.druidry.extensions.datasketches.postAggregator.QuantilesSketchToQuantilesPostAggregatorTest"/>
  <testcase name="testNullName" time="0.001" classname="in.zapr.druid.druidry.extensions.datasketches.postAggregator.QuantilesSketchToQuantilesPostAggregatorTest"/>
  <testcase name="testDimensionMissing" time="0.002" classname="in.zapr.druid.druidry.filter.havingSpec.FilterHavingTest"/>
  <testcase name="testLongField" time="0.01" classname="in.zapr.druid.druidry.filter.havingSpec.FilterHavingTest"/>
  <testcase name="testAllFields" time="0.008" classname="in.zapr.druid.druidry.aggregator.StringFirstAggregatorTest"/>
  <testcase name="testRequiredFields" time="0.001" classname="in.zapr.druid.druidry.aggregator.StringFirstAggregatorTest"/>
  <testcase name="tryToCreateWithoutFieldName" time="0.001" classname="in.zapr.druid.druidry.aggregator.StringFirstAggregatorTest"/>
  <testcase name="tryToCreateWithoutName" time="0.002" classname="in.zapr.druid.druidry.aggregator.StringFirstAggregatorTest"/>
  <testcase name="testAllFields" time="0.004" classname="in.zapr.druid.druidry.filter.havingSpec.AndHavingTest"/>
  <testcase name="testEquals" time="0.003" classname="in.zapr.druid.druidry.filter.havingSpec.AndHavingTest"/>
  <testcase name="testFieldsMissing" time="0.001" classname="in.zapr.druid.druidry.filter.havingSpec.AndHavingTest"/>
  <testcase name="testAllFields" time="0.007" classname="in.zapr.druid.druidry.topNMetric.InvertedMetricTest"/>
  <testcase name="testEqualsNegative" time="0.002" classname="in.zapr.druid.druidry.topNMetric.InvertedMetricTest"/>
  <testcase name="testEqualsPositive" time="0.001" classname="in.zapr.druid.druidry.topNMetric.InvertedMetricTest"/>
  <testcase name="testMetricMissingFields" time="0.0" classname="in.zapr.druid.druidry.topNMetric.InvertedMetricTest"/>
  <testcase name="testAllFields" time="0.004" classname="in.zapr.druid.druidry.aggregator.FilteredAggregatorTest"/>
  <testcase name="testAllFields" time="0.006" classname="in.zapr.druid.druidry.extractionFunctions.SearchQueryExtractionFunctionTest"/>
  <testcase name="testSearchQueryField" time="0.027" classname="in.zapr.druid.druidry.extractionFunctions.SearchQueryExtractionFunctionTest"/>
  <testcase name="testAutoClosing" time="0.004" classname="in.zapr.druid.druidry.client.DruidClientTest"/>
  <testcase name="testAllFields" time="0.006" classname="in.zapr.druid.druidry.filter.AndFilterTest"/>
  <testcase name="testEquals" time="0.001" classname="in.zapr.druid.druidry.filter.AndFilterTest"/>
  <testcase name="testFieldsMissing" time="0.001" classname="in.zapr.druid.druidry.filter.AndFilterTest"/>
  <testcase name="testPreFixFilteredDimension" time="0.013" classname="in.zapr.druid.druidry.dimension.PrefixFilteredDimensionTest"/>
  <testcase name="testPreFixFilteredDimensionWithNullDimensionSpec" time="0.001" classname="in.zapr.druid.druidry.dimension.PrefixFilteredDimensionTest"/>
  <testcase name="testPreFixFilteredDimensionWithNullPrefix" time="0.001" classname="in.zapr.druid.druidry.dimension.PrefixFilteredDimensionTest"/>
  <testcase name="testArithmeticPostAggregatorAllFields" time="0.015" classname="in.zapr.druid.druidry.postAggregator.ArithmeticPostAggregatorTest"/>
  <testcase name="testArithmeticPostAggregatorMissingFields" time="0.004" classname="in.zapr.druid.druidry.postAggregator.ArithmeticPostAggregatorTest"/>
  <testcase name="testArithmeticPostAggregatorMissingFunctionFields" time="0.002" classname="in.zapr.druid.druidry.postAggregator.ArithmeticPostAggregatorTest"/>
  <testcase name="testArithmeticPostAggregatorMissingNameFields" time="0.001" classname="in.zapr.druid.druidry.postAggregator.ArithmeticPostAggregatorTest"/>
  <testcase name="testArithmeticPostAggregatorRequiredFields" time="0.001" classname="in.zapr.druid.druidry.postAggregator.ArithmeticPostAggregatorTest"/>
  <testcase name="testEqualsNegative" time="0.001" classname="in.zapr.druid.druidry.postAggregator.ArithmeticPostAggregatorTest"/>
  <testcase name="testEqualsPositive" time="0.001" classname="in.zapr.druid.druidry.postAggregator.ArithmeticPostAggregatorTest"/>
  <testcase name="testEqualsWithAnotherSubClass" time="0.001" classname="in.zapr.druid.druidry.postAggregator.ArithmeticPostAggregatorTest"/>
  <testcase name="testAllFields" time="0.008" classname="in.zapr.druid.druidry.extractionFunctions.CascadeExtractionFunctionTest"/>
  <testcase name="testExtractionFunctionsFields" time="0.001" classname="in.zapr.druid.druidry.extractionFunctions.CascadeExtractionFunctionTest"/>
  <testcase name="preconditionCheck" time="0.006" classname="in.zapr.druid.druidry.extensions.datasketches.aggregator.TupleSketchAggregatorTest"/>
  <testcase name="testAllFields" time="0.008" classname="in.zapr.druid.druidry.extensions.datasketches.aggregator.TupleSketchAggregatorTest"/>
  <testcase name="testNullFieldName" time="0.001" classname="in.zapr.druid.druidry.extensions.datasketches.aggregator.TupleSketchAggregatorTest"/>
  <testcase name="testNullName" time="0.001" classname="in.zapr.druid.druidry.extensions.datasketches.aggregator.TupleSketchAggregatorTest"/>
  <testcase name="testRequiredFields" time="0.001" classname="in.zapr.druid.druidry.extensions.datasketches.aggregator.TupleSketchAggregatorTest"/>
  <testcase name="testAllFields" time="0.004" classname="in.zapr.druid.druidry.aggregator.LongMaxAggregatorTest"/>
  <testcase name="testAllFieldsButFieldName" time="0.001" classname="in.zapr.druid.druidry.aggregator.LongMaxAggregatorTest"/>
  <testcase name="testEqualsNegative" time="0.001" classname="in.zapr.druid.druidry.aggregator.LongMaxAggregatorTest"/>
  <testcase name="testEqualsPositive" time="0.0" classname="in.zapr.druid.druidry.aggregator.LongMaxAggregatorTest"/>
  <testcase name="testEqualsWithAnotherSubClass" time="0.001" classname="in.zapr.druid.druidry.aggregator.LongMaxAggregatorTest"/>
  <testcase name="testNullName" time="0.001" classname="in.zapr.druid.druidry.aggregator.LongMaxAggregatorTest"/>
  <testcase name="testAllFields" time="0.006" classname="in.zapr.druid.druidry.virtualColumn.ExpressionVirtualColumnTest"/>
  <testcase name="testExpressionMissingFields" time="0.0" classname="in.zapr.druid.druidry.virtualColumn.ExpressionVirtualColumnTest"/>
  <testcase name="testNameMissingFields" time="0.001" classname="in.zapr.druid.druidry.virtualColumn.ExpressionVirtualColumnTest"/>
  <testcase name="testRequiredFields" time="0.001" classname="in.zapr.druid.druidry.virtualColumn.ExpressionVirtualColumnTest"/>
  <testcase name="testAllFields" time="0.002" classname="in.zapr.druid.druidry.filter.searchQuerySpec.RegexSearchQuerySpecTest"/>
  <testcase name="testPatternField" time="0.001" classname="in.zapr.druid.druidry.filter.searchQuerySpec.RegexSearchQuerySpecTest"/>
  <testcase name="testEqualsNegative" time="0.001" classname="in.zapr.druid.druidry.granularity.SimpleGranularityTest"/>
  <testcase name="testEqualsPositive" time="0.0" classname="in.zapr.druid.druidry.granularity.SimpleGranularityTest"/>
  <testcase name="testEqualsWithAnotherSubClass" time="0.091" classname="in.zapr.druid.druidry.granularity.SimpleGranularityTest"/>
  <testcase name="testAllFields" time="0.003" classname="in.zapr.druid.druidry.topNMetric.NumericMetricTest"/>
  <testcase name="testEqualsNegative" time="0.001" classname="in.zapr.druid.druidry.topNMetric.NumericMetricTest"/>
  <testcase name="testEqualsPositive" time="0.001" classname="in.zapr.druid.druidry.topNMetric.NumericMetricTest"/>
  <testcase name="testNullField" time="0.0" classname="in.zapr.druid.druidry.topNMetric.NumericMetricTest"/>
  <testcase name="testAllFields" time="0.008" classname="in.zapr.druid.druidry.extensions.datasketches.postAggregator.TupleSketchTTestPostAggregatorTest"/>
  <testcase name="testNullFields" time="0.0" classname="in.zapr.druid.druidry.extensions.datasketches.postAggregator.TupleSketchTTestPostAggregatorTest"/>
  <testcase name="testNullName" time="0.002" classname="in.zapr.druid.druidry.extensions.datasketches.postAggregator.TupleSketchTTestPostAggregatorTest"/>
  <testcase name="testAllFields" time="0.005" classname="in.zapr.druid.druidry.extensions.datasketches.postAggregator.TupleSketchToQuantilesSketchPostAggregatorTest"/>
  <testcase name="testNullField" time="0.001" classname="in.zapr.druid.druidry.extensions.datasketches.postAggregator.TupleSketchToQuantilesSketchPostAggregatorTest"/>
  <testcase name="testNullName" time="0.0" classname="in.zapr.druid.druidry.extensions.datasketches.postAggregator.TupleSketchToQuantilesSketchPostAggregatorTest"/>
  <testcase name="testRequiredFields" time="0.001" classname="in.zapr.druid.druidry.extensions.datasketches.postAggregator.TupleSketchToQuantilesSketchPostAggregatorTest"/>
  <testcase name="testAllFields" time="0.005" classname="in.zapr.druid.druidry.extensions.datasketches.postAggregator.TupleSketchToVariancesPostAggregatorTest"/>
  <testcase name="testNullField" time="0.001" classname="in.zapr.druid.druidry.extensions.datasketches.postAggregator.TupleSketchToVariancesPostAggregatorTest"/>
  <testcase name="testNullName" time="0.0" classname="in.zapr.druid.druidry.extensions.datasketches.postAggregator.TupleSketchToVariancesPostAggregatorTest"/>
  <testcase name="testDefaultLimitSpecWithColumnName" time="0.008" classname="in.zapr.druid.druidry.limitSpec.DefaultLimitSpecTest"/>
  <testcase name="testDefaultLimitSpecWithColumnSpecMap" time="0.003" classname="in.zapr.druid.druidry.limitSpec.DefaultLimitSpecTest"/>
  <testcase name="testAllFields" time="0.003" classname="in.zapr.druid.druidry.filter.searchQuerySpec.ContainsSearchQuerySpecTest"/>
  <testcase name="testMissingValueField" time="0.0" classname="in.zapr.druid.druidry.filter.searchQuerySpec.ContainsSearchQuerySpecTest"/>
  <testcase name="testRequiredFields" time="0.0" classname="in.zapr.druid.druidry.filter.searchQuerySpec.ContainsSearchQuerySpecTest"/>
  <testcase name="testAllFields" time="0.006" classname="in.zapr.druid.druidry.extensions.datasketches.postAggregator.TupleSketchToEstimatePostAggregatorTest"/>
  <testcase name="testNullField" time="0.001" classname="in.zapr.druid.druidry.extensions.datasketches.postAggregator.TupleSketchToEstimatePostAggregatorTest"/>
  <testcase name="testNullName" time="0.0" classname="in.zapr.druid.druidry.extensions.datasketches.postAggregator.TupleSketchToEstimatePostAggregatorTest"/>
  <testcase name="testAllFieldsWithFieldAccess" time="0.005" classname="in.zapr.druid.druidry.extensions.datasketches.postAggregator.ThetaSketchEstimatePostAggregatorTest"/>
  <testcase name="testAllFieldsWithThetaSketchSetOp" time="0.006" classname="in.zapr.druid.druidry.extensions.datasketches.postAggregator.ThetaSketchEstimatePostAggregatorTest"/>
  <testcase name="testNullField" time="0.001" classname="in.zapr.druid.druidry.extensions.datasketches.postAggregator.ThetaSketchEstimatePostAggregatorTest"/>
  <testcase name="testNullName" time="0.001" classname="in.zapr.druid.druidry.extensions.datasketches.postAggregator.ThetaSketchEstimatePostAggregatorTest"/>
  <testcase name="testRequiredFieldsWithFieldAccess" time="0.002" classname="in.zapr.druid.druidry.extensions.datasketches.postAggregator.ThetaSketchEstimatePostAggregatorTest"/>
  <testcase name="testAllFields" time="0.004" classname="in.zapr.druid.druidry.extractionFunctions.SubStringExtractionFunctionTest"/>
  <testcase name="testIndexField" time="0.003" classname="in.zapr.druid.druidry.extractionFunctions.SubStringExtractionFunctionTest"/>
  <testcase name="testRequiredValues" time="0.001" classname="in.zapr.druid.druidry.extractionFunctions.SubStringExtractionFunctionTest"/>
  <testcase name="testAllFields" time="0.004" classname="in.zapr.druid.druidry.aggregator.JavaScriptAggregatorTest"/>
  <testcase name="testEqualsNegative" time="0.0" classname="in.zapr.druid.druidry.aggregator.JavaScriptAggregatorTest"/>
  <testcase name="testEqualsPositive" time="0.0" classname="in.zapr.druid.druidry.aggregator.JavaScriptAggregatorTest"/>
  <testcase name="testEqualsWithAnotherSubClass" time="0.0" classname="in.zapr.druid.druidry.aggregator.JavaScriptAggregatorTest"/>
  <testcase name="testMissingAggregateFunctionField" time="0.001" classname="in.zapr.druid.druidry.aggregator.JavaScriptAggregatorTest"/>
  <testcase name="testMissingCombineFunctionField" time="0.0" classname="in.zapr.druid.druidry.aggregator.JavaScriptAggregatorTest"/>
  <testcase name="testMissingFieldNamesField" time="0.0" classname="in.zapr.druid.druidry.aggregator.JavaScriptAggregatorTest"/>
  <testcase name="testMissingNameField" time="0.0" classname="in.zapr.druid.druidry.aggregator.JavaScriptAggregatorTest"/>
  <testcase name="testMissingResetFunctionField" time="0.001" classname="in.zapr.druid.druidry.aggregator.JavaScriptAggregatorTest"/>
  <testcase name="testAllFields" time="0.004" classname="in.zapr.druid.druidry.extractionFunctions.RegexExtractionFunctionTest"/>
  <testcase name="testExprField" time="0.0" classname="in.zapr.druid.druidry.extractionFunctions.RegexExtractionFunctionTest"/>
  <testcase name="testRequiredValues" time="0.0" classname="in.zapr.druid.druidry.extractionFunctions.RegexExtractionFunctionTest"/>
  <testcase name="testAllFields" time="0.005" classname="in.zapr.druid.druidry.aggregator.LongSumAggregatorTest"/>
  <testcase name="testAllFieldsButFieldName" time="0.001" classname="in.zapr.druid.druidry.aggregator.LongSumAggregatorTest"/>
  <testcase name="testEqualsNegative" time="0.001" classname="in.zapr.druid.druidry.aggregator.LongSumAggregatorTest"/>
  <testcase name="testEqualsPositive" time="0.0" classname="in.zapr.druid.druidry.aggregator.LongSumAggregatorTest"/>
  <testcase name="testEqualsWithAnotherSubClass" time="0.0" classname="in.zapr.druid.druidry.aggregator.LongSumAggregatorTest"/>
  <testcase name="testNullName" time="0.0" classname="in.zapr.druid.druidry.aggregator.LongSumAggregatorTest"/>
  <testcase name="testConstantPostAggregatorAllFields" time="0.002" classname="in.zapr.druid.druidry.postAggregator.ConstantPostAggregatorTest"/>
  <testcase name="testEqualsNegative" time="0.0" classname="in.zapr.druid.druidry.postAggregator.ConstantPostAggregatorTest"/>
  <testcase name="testEqualsPositive" time="0.0" classname="in.zapr.druid.druidry.postAggregator.ConstantPostAggregatorTest"/>
  <testcase name="testEqualsWithAnotherSubClass" time="0.001" classname="in.zapr.druid.druidry.postAggregator.ConstantPostAggregatorTest"/>
  <testcase name="testNullName" time="0.0" classname="in.zapr.druid.druidry.postAggregator.ConstantPostAggregatorTest"/>
  <testcase name="testNullValue" time="0.0" classname="in.zapr.druid.druidry.postAggregator.ConstantPostAggregatorTest"/>
  <testcase name="testAllFields" time="0.002" classname="in.zapr.druid.druidry.extensions.histogram.postAggregator.MinPostAggregatorTest"/>
  <testcase name="testMissingFieldNameFields" time="0.0" classname="in.zapr.druid.druidry.extensions.histogram.postAggregator.MinPostAggregatorTest"/>
  <testcase name="testMissingNameFields" time="0.0" classname="in.zapr.druid.druidry.extensions.histogram.postAggregator.MinPostAggregatorTest"/>
  <testcase name="preconditionCheck" time="0.003" classname="in.zapr.druid.druidry.extensions.datasketches.aggregator.ThetaSketchAggregatorTest"/>
  <testcase name="testAllFields" time="0.002" classname="in.zapr.druid.druidry.extensions.datasketches.aggregator.ThetaSketchAggregatorTest"/>
  <testcase name="testNullFieldName" time="0.0" classname="in.zapr.druid.druidry.extensions.datasketches.aggregator.ThetaSketchAggregatorTest"/>
  <testcase name="testNullName" time="0.0" classname="in.zapr.druid.druidry.extensions.datasketches.aggregator.ThetaSketchAggregatorTest"/>
  <testcase name="testRequiredFields" time="0.0" classname="in.zapr.druid.druidry.extensions.datasketches.aggregator.ThetaSketchAggregatorTest"/>
  <testcase name="testAllFields" time="0.003" classname="in.zapr.druid.druidry.aggregator.DoubleSumAggregatorTest"/>
  <testcase name="testAllFieldsButFieldName" time="0.001" classname="in.zapr.druid.druidry.aggregator.DoubleSumAggregatorTest"/>
  <testcase name="testEqualsNegative" time="0.0" classname="in.zapr.druid.druidry.aggregator.DoubleSumAggregatorTest"/>
  <testcase name="testEqualsPositive" time="0.0" classname="in.zapr.druid.druidry.aggregator.DoubleSumAggregatorTest"/>
  <testcase name="testEqualsWithAnotherSubClass" time="0.0" classname="in.zapr.druid.druidry.aggregator.DoubleSumAggregatorTest"/>
  <testcase name="testNullName" time="0.001" classname="in.zapr.druid.druidry.aggregator.DoubleSumAggregatorTest"/>
  <testcase name="testDimensionMissing" time="0.001" classname="in.zapr.druid.druidry.filter.SelectorFilterTest"/>
  <testcase name="testIntegerField" time="0.003" classname="in.zapr.druid.druidry.filter.SelectorFilterTest"/>
  <testcase name="testLongField" time="0.002" classname="in.zapr.druid.druidry.filter.SelectorFilterTest"/>
  <testcase name="testOptionalWithIntegerField" time="0.001" classname="in.zapr.druid.druidry.filter.SelectorFilterTest"/>
  <testcase name="testOptionalWithLongField" time="0.001" classname="in.zapr.druid.druidry.filter.SelectorFilterTest"/>
  <testcase name="testOptionalWithStringField" time="0.001" classname="in.zapr.druid.druidry.filter.SelectorFilterTest"/>
  <testcase name="testStringField" time="0.0" classname="in.zapr.druid.druidry.filter.SelectorFilterTest"/>
  <testcase name="testNullableDataSourceQuery" time="0.0" classname="in.zapr.druid.druidry.dataSource.QueryDataSourceTest"/>
  <testcase name="testQueryDataSource" time="0.037" classname="in.zapr.druid.druidry.dataSource.QueryDataSourceTest"/>
  <testcase name="testDefaultConfigProtocol" time="0.008" classname="in.zapr.druid.druidry.client.DruidConfigurationTest"/>
  <testcase name="testDruidConfiguration" time="0.001" classname="in.zapr.druid.druidry.client.DruidConfigurationTest"/>
  <testcase name="testEmptyHost" time="0.001" classname="in.zapr.druid.druidry.client.DruidConfigurationTest"/>
  <testcase name="testNegativeConcurrentConnectionValue" time="0.0" classname="in.zapr.druid.druidry.client.DruidConfigurationTest"/>
  <testcase name="testNegativePort" time="0.0" classname="in.zapr.druid.druidry.client.DruidConfigurationTest"/>
  <testcase name="testNullEndpoint" time="0.0" classname="in.zapr.druid.druidry.client.DruidConfigurationTest"/>
  <testcase name="testNullHost" time="0.0" classname="in.zapr.druid.druidry.client.DruidConfigurationTest"/>
  <testcase name="TestRequiredFields" time="0.003" classname="in.zapr.druid.druidry.extractionFunctions.TimeFormatExtractionFunctionTest"/>
  <testcase name="testAllFields" time="0.002" classname="in.zapr.druid.druidry.extractionFunctions.TimeFormatExtractionFunctionTest"/>
  <testcase name="testAllFields" time="0.005" classname="in.zapr.druid.druidry.extensions.datasketches.aggregator.HllSketchMergeAggregatorTest"/>
  <testcase name="testNullFieldName" time="0.0" classname="in.zapr.druid.druidry.extensions.datasketches.aggregator.HllSketchMergeAggregatorTest"/>
  <testcase name="testNullName" time="0.001" classname="in.zapr.druid.druidry.extensions.datasketches.aggregator.HllSketchMergeAggregatorTest"/>
  <testcase name="testRequiredFields" time="0.003" classname="in.zapr.druid.druidry.extensions.datasketches.aggregator.HllSketchMergeAggregatorTest"/>
  <testcase name="testAllFields" time="0.005" classname="in.zapr.druid.druidry.extractionFunctions.JavascriptExtractionFunctionTest"/>
  <testcase name="testFunctionField" time="0.0" classname="in.zapr.druid.druidry.extractionFunctions.JavascriptExtractionFunctionTest"/>
  <testcase name="testRequiredFields" time="0.0" classname="in.zapr.druid.druidry.extractionFunctions.JavascriptExtractionFunctionTest"/>
  <testcase name="testAllFields" time="0.003" classname="in.zapr.druid.druidry.extensions.datasketches.postAggregator.HllSketchToStringPostAggregatorTest"/>
  <testcase name="testNullField" time="0.0" classname="in.zapr.druid.druidry.extensions.datasketches.postAggregator.HllSketchToStringPostAggregatorTest"/>
  <testcase name="testNullName" time="0.0" classname="in.zapr.druid.druidry.extensions.datasketches.postAggregator.HllSketchToStringPostAggregatorTest"/>
  <testcase name="testAllFields" time="0.005" classname="in.zapr.druid.druidry.filter.BoundFilterTest"/>
  <testcase name="testRequiredFieldsMissing" time="0.0" classname="in.zapr.druid.druidry.filter.BoundFilterTest"/>
  <testcase name="testSettingRequiredFieldAsNull" time="0.001" classname="in.zapr.druid.druidry.filter.BoundFilterTest"/>
  <testcase name="testAllButFieldName" time="0.004" classname="in.zapr.druid.druidry.aggregator.DoubleMaxAggregatorTest"/>
  <testcase name="testAllFields" time="0.0" classname="in.zapr.druid.druidry.aggregator.DoubleMaxAggregatorTest"/>
  <testcase name="testEqualsNegative" time="0.0" classname="in.zapr.druid.druidry.aggregator.DoubleMaxAggregatorTest"/>
  <testcase name="testEqualsPositive" time="0.001" classname="in.zapr.druid.druidry.aggregator.DoubleMaxAggregatorTest"/>
  <testcase name="testEqualsWithAnotherSubClass" time="0.0" classname="in.zapr.druid.druidry.aggregator.DoubleMaxAggregatorTest"/>
  <testcase name="testNullName" time="0.001" classname="in.zapr.druid.druidry.aggregator.DoubleMaxAggregatorTest"/>
  <testcase name="testAllFields" time="0.001" classname="in.zapr.druid.druidry.extractionFunctions.PartialExtractionFunctionTest"/>
  <testcase name="testExprField" time="0.0" classname="in.zapr.druid.druidry.extractionFunctions.PartialExtractionFunctionTest"/>
  <testcase name="testAllFields" time="0.005" classname="in.zapr.druid.druidry.extensions.datasketches.aggregator.HllSketchBuildAggregatorTest"/>
  <testcase name="testNullFieldName" time="0.0" classname="in.zapr.druid.druidry.extensions.datasketches.aggregator.HllSketchBuildAggregatorTest"/>
  <testcase name="testNullName" time="0.0" classname="in.zapr.druid.druidry.extensions.datasketches.aggregator.HllSketchBuildAggregatorTest"/>
  <testcase name="testRequiredFields" time="0.0" classname="in.zapr.druid.druidry.extensions.datasketches.aggregator.HllSketchBuildAggregatorTest"/>
  <testcase name="testAllFields" time="0.002" classname="in.zapr.druid.druidry.filter.JavascriptFilterTest"/>
  <testcase name="testDimensionMissing" time="0.001" classname="in.zapr.druid.druidry.filter.JavascriptFilterTest"/>
  <testcase name="testValueMissing" time="0.0" classname="in.zapr.druid.druidry.filter.JavascriptFilterTest"/>
  <testcase name="testAllFields" time="0.02" classname="in.zapr.druid.druidry.extensions.histogram.postAggregator.CustomBucketsPostAggregatorTest"/>
  <testcase name="testNullFieldName" time="0.0" classname="in.zapr.druid.druidry.extensions.histogram.postAggregator.CustomBucketsPostAggregatorTest"/>
  <testcase name="testNullName" time="0.001" classname="in.zapr.druid.druidry.extensions.histogram.postAggregator.CustomBucketsPostAggregatorTest"/>
  <testcase name="testAllFields" time="0.002" classname="in.zapr.druid.druidry.filter.RegexFilterTest"/>
  <testcase name="testDimensionMissing" time="0.0" classname="in.zapr.druid.druidry.filter.RegexFilterTest"/>
  <testcase name="testValueMissing" time="0.001" classname="in.zapr.druid.druidry.filter.RegexFilterTest"/>
  <testcase name="testEqualsNegative" time="0.0" classname="in.zapr.druid.druidry.postAggregator.FieldAccessPostAggregatorTest"/>
  <testcase name="testEqualsPositive" time="0.001" classname="in.zapr.druid.druidry.postAggregator.FieldAccessPostAggregatorTest"/>
  <testcase name="testEqualsWithAnotherSubClass" time="0.0" classname="in.zapr.druid.druidry.postAggregator.FieldAccessPostAggregatorTest"/>
  <testcase name="testFieldAccessPostAggregatorAllFields" time="0.001" classname="in.zapr.druid.druidry.postAggregator.FieldAccessPostAggregatorTest"/>
  <testcase name="testNullFieldName" time="0.0" classname="in.zapr.druid.druidry.postAggregator.FieldAccessPostAggregatorTest"/>
  <testcase name="testNullFieldNameSingleConstructor" time="0.001" classname="in.zapr.druid.druidry.postAggregator.FieldAccessPostAggregatorTest"/>
  <testcase name="testNullName" time="0.0" classname="in.zapr.druid.druidry.postAggregator.FieldAccessPostAggregatorTest"/>
  <testcase name="testAllFields" time="0.003" classname="in.zapr.druid.druidry.granularity.PeriodGranularityTest"/>
  <testcase name="testEqualsNegative" time="0.001" classname="in.zapr.druid.druidry.granularity.PeriodGranularityTest"/>
  <testcase name="testEqualsPositive" time="0.013" classname="in.zapr.druid.druidry.granularity.PeriodGranularityTest"/>
  <testcase name="testEqualsWithAnotherSubClass" time="0.001" classname="in.zapr.druid.druidry.granularity.PeriodGranularityTest"/>
  <testcase name="preconditionCheck" time="0.003" classname="in.zapr.druid.druidry.extensions.datasketches.postAggregator.TupleSketchSetOpPostAggregatorTest"/>
  <testcase name="testAllFields" time="0.007" classname="in.zapr.druid.druidry.extensions.datasketches.postAggregator.TupleSketchSetOpPostAggregatorTest"/>
  <testcase name="testNullFields" time="0.001" classname="in.zapr.druid.druidry.extensions.datasketches.postAggregator.TupleSketchSetOpPostAggregatorTest"/>
  <testcase name="testNullName" time="0.001" classname="in.zapr.druid.druidry.extensions.datasketches.postAggregator.TupleSketchSetOpPostAggregatorTest"/>
  <testcase name="testNullOperation" time="0.001" classname="in.zapr.druid.druidry.extensions.datasketches.postAggregator.TupleSketchSetOpPostAggregatorTest"/>
  <testcase name="testRequiredFields" time="0.001" classname="in.zapr.druid.druidry.extensions.datasketches.postAggregator.TupleSketchSetOpPostAggregatorTest"/>
  <testcase name="testAllFields" time="0.017" classname="in.zapr.druid.druidry.query.aggregation.TimeSeriesTest"/>
  <testcase name="testRequiredFields" time="0.001" classname="in.zapr.druid.druidry.query.aggregation.TimeSeriesTest"/>
  <testcase name="testSampleQuery" time="0.011" classname="in.zapr.druid.druidry.query.aggregation.TimeSeriesTest"/>
  <testcase name="testAllFields" time="0.003" classname="in.zapr.druid.druidry.aggregator.HyperUniqueAggregatorTest"/>
  <testcase name="testEqualsNegative" time="0.0" classname="in.zapr.druid.druidry.aggregator.HyperUniqueAggregatorTest"/>
  <testcase name="testEqualsPositive" time="0.0" classname="in.zapr.druid.druidry.aggregator.HyperUniqueAggregatorTest"/>
  <testcase name="testEqualsWithAnotherSubClass" time="0.001" classname="in.zapr.druid.druidry.aggregator.HyperUniqueAggregatorTest"/>
  <testcase name="testNullFieldName" time="0.001" classname="in.zapr.druid.druidry.aggregator.HyperUniqueAggregatorTest"/>
  <testcase name="testNullName" time="0.0" classname="in.zapr.druid.druidry.aggregator.HyperUniqueAggregatorTest"/>
  <testcase name="testRequiredFields" time="0.001" classname="in.zapr.druid.druidry.aggregator.HyperUniqueAggregatorTest"/>
  <testcase name="testAllFields" time="0.003" classname="in.zapr.druid.druidry.extensions.datasketches.postAggregator.QuantilesSketchToStringPostAggregatorTest"/>
  <testcase name="testNullField" time="0.001" classname="in.zapr.druid.druidry.extensions.datasketches.postAggregator.QuantilesSketchToStringPostAggregatorTest"/>
  <testcase name="testNullName" time="0.0" classname="in.zapr.druid.druidry.extensions.datasketches.postAggregator.QuantilesSketchToStringPostAggregatorTest"/>
  <testcase name="testAllFieldsNumeric" time="0.001" classname="in.zapr.druid.druidry.filter.havingSpec.GreaterThanHavingTest"/>
  <testcase name="testSettingRequiredFieldAsNull" time="0.0" classname="in.zapr.druid.druidry.filter.havingSpec.GreaterThanHavingTest"/>
  <testcase name="testNullableDataSourceList" time="0.001" classname="in.zapr.druid.druidry.dataSource.UnionDataSourceTest"/>
  <testcase name="testUnionDataSource" time="0.003" classname="in.zapr.druid.druidry.dataSource.UnionDataSourceTest"/>
  <testcase name="testAllFields" time="0.004" classname="in.zapr.druid.druidry.filter.InFilterTest"/>
  <testcase name="testDimensionMissing" time="0.001" classname="in.zapr.druid.druidry.filter.InFilterTest"/>
  <testcase name="testValueMissing" time="0.001" classname="in.zapr.druid.druidry.filter.InFilterTest"/>
  <testcase name="testAllFields" time="0.001" classname="in.zapr.druid.druidry.aggregator.LongFirstAggregatorTest"/>
  <testcase name="testEqualsNegative" time="0.001" classname="in.zapr.druid.druidry.aggregator.LongFirstAggregatorTest"/>
  <testcase name="testEqualsPositive" time="0.0" classname="in.zapr.druid.druidry.aggregator.LongFirstAggregatorTest"/>
  <testcase name="testEqualsWithAnotherSubClass" time="0.001" classname="in.zapr.druid.druidry.aggregator.LongFirstAggregatorTest"/>
  <testcase name="testFieldName" time="0.0" classname="in.zapr.druid.druidry.aggregator.LongFirstAggregatorTest"/>
  <testcase name="testNullName" time="0.0" classname="in.zapr.druid.druidry.aggregator.LongFirstAggregatorTest"/>
  <testcase name="testAllFields" time="0.005" classname="in.zapr.druid.druidry.extensions.datasketches.postAggregator.TupleSketchToEstimateAndBoundsPostAggregatorTest"/>
  <testcase name="testNullField" time="0.001" classname="in.zapr.druid.druidry.extensions.datasketches.postAggregator.TupleSketchToEstimateAndBoundsPostAggregatorTest"/>
  <testcase name="testNullName" time="0.001" classname="in.zapr.druid.druidry.extensions.datasketches.postAggregator.TupleSketchToEstimateAndBoundsPostAggregatorTest"/>
  <testcase name="testRequiredFields" time="0.001" classname="in.zapr.druid.druidry.extensions.datasketches.postAggregator.TupleSketchToEstimateAndBoundsPostAggregatorTest"/>
  <testcase name="testAllFields" time="0.003" classname="in.zapr.druid.druidry.extensions.datasketches.postAggregator.QuantilesSketchToQuantilePostAggregatorTest"/>
  <testcase name="testNullField" time="0.0" classname="in.zapr.druid.druidry.extensions.datasketches.postAggregator.QuantilesSketchToQuantilePostAggregatorTest"/>
  <testcase name="testNullFraction" time="0.0" classname="in.zapr.druid.druidry.extensions.datasketches.postAggregator.QuantilesSketchToQuantilePostAggregatorTest"/>
  <testcase name="testNullName" time="0.0" classname="in.zapr.druid.druidry.extensions.datasketches.postAggregator.QuantilesSketchToQuantilePostAggregatorTest"/>
  <testcase name="testAllFields" time="0.004" classname="in.zapr.druid.druidry.filter.OrFilterTest"/>
  <testcase name="testFieldsMissing" time="0.001" classname="in.zapr.druid.druidry.filter.OrFilterTest"/>
  <testcase name="testAllFields" time="0.004" classname="in.zapr.druid.druidry.filter.havingSpec.OrHavingTest"/>
  <testcase name="testFieldsMissing" time="0.0" classname="in.zapr.druid.druidry.filter.havingSpec.OrHavingTest"/>
  <testcase name="testAllFields" time="0.002" classname="in.zapr.druid.druidry.aggregator.DoubleLastAggregatorTest"/>
  <testcase name="testEqualsNegative" time="0.0" classname="in.zapr.druid.druidry.aggregator.DoubleLastAggregatorTest"/>
  <testcase name="testEqualsPositive" time="0.0" classname="in.zapr.druid.druidry.aggregator.DoubleLastAggregatorTest"/>
  <testcase name="testEqualsWithAnotherSubClass" time="0.0" classname="in.zapr.druid.druidry.aggregator.DoubleLastAggregatorTest"/>
  <testcase name="testFieldName" time="0.0" classname="in.zapr.druid.druidry.aggregator.DoubleLastAggregatorTest"/>
  <testcase name="testNullName" time="0.001" classname="in.zapr.druid.druidry.aggregator.DoubleLastAggregatorTest"/>
  <testcase name="testAllFields" time="0.002" classname="in.zapr.druid.druidry.aggregator.FloatLastAggregatorTest"/>
  <testcase name="testEqualsNegative" time="0.0" classname="in.zapr.druid.druidry.aggregator.FloatLastAggregatorTest"/>
  <testcase name="testEqualsPositive" time="0.0" classname="in.zapr.druid.druidry.aggregator.FloatLastAggregatorTest"/>
  <testcase name="testEqualsWithAnotherSubClass" time="0.0" classname="in.zapr.druid.druidry.aggregator.FloatLastAggregatorTest"/>
  <testcase name="testFieldName" time="0.0" classname="in.zapr.druid.druidry.aggregator.FloatLastAggregatorTest"/>
  <testcase name="testNullName" time="0.0" classname="in.zapr.druid.druidry.aggregator.FloatLastAggregatorTest"/>
  <testcase name="testAllFields" time="0.002" classname="in.zapr.druid.druidry.extensions.histogram.postAggregator.MaxPostAggregatorTest"/>
  <testcase name="testMissingFieldNameFields" time="0.001" classname="in.zapr.druid.druidry.extensions.histogram.postAggregator.MaxPostAggregatorTest"/>
  <testcase name="testMissingNameFields" time="0.001" classname="in.zapr.druid.druidry.extensions.histogram.postAggregator.MaxPostAggregatorTest"/>
  <testcase name="testAllFields" time="0.002" classname="in.zapr.druid.druidry.aggregator.FloatFirstAggregatorTest"/>
  <testcase name="testEqualsNegative" time="0.0" classname="in.zapr.druid.druidry.aggregator.FloatFirstAggregatorTest"/>
  <testcase name="testEqualsPositive" time="0.0" classname="in.zapr.druid.druidry.aggregator.FloatFirstAggregatorTest"/>
  <testcase name="testEqualsWithAnotherSubClass" time="0.0" classname="in.zapr.druid.druidry.aggregator.FloatFirstAggregatorTest"/>
  <testcase name="testFieldName" time="0.0" classname="in.zapr.druid.druidry.aggregator.FloatFirstAggregatorTest"/>
  <testcase name="testNullName" time="0.0" classname="in.zapr.druid.druidry.aggregator.FloatFirstAggregatorTest"/>
  <testcase name="testAllFields" time="0.004" classname="in.zapr.druid.druidry.aggregator.CountAggregatorTest"/>
  <testcase name="testEqualsNegative" time="0.001" classname="in.zapr.druid.druidry.aggregator.CountAggregatorTest"/>
  <testcase name="testEqualsPositive" time="0.001" classname="in.zapr.druid.druidry.aggregator.CountAggregatorTest"/>
  <testcase name="testEqualsWithAnotherSubClass" time="0.002" classname="in.zapr.druid.druidry.aggregator.CountAggregatorTest"/>
  <testcase name="testNullName" time="0.001" classname="in.zapr.druid.druidry.aggregator.CountAggregatorTest"/>
  <testcase name="preconditionCheck" time="0.001" classname="in.zapr.druid.druidry.query.aggregation.TopNQueryTest"/>
  <testcase name="testAllFields" time="0.033" classname="in.zapr.druid.druidry.query.aggregation.TopNQueryTest"/>
  <testcase name="testEquals" time="0.0" classname="in.zapr.druid.druidry.query.aggregation.TopNQueryTest"/>
  <testcase name="testRequiredFields" time="0.0" classname="in.zapr.druid.druidry.query.aggregation.TopNQueryTest"/>
  <testcase name="testSampleQuery" time="0.004" classname="in.zapr.druid.druidry.query.aggregation.TopNQueryTest"/>
  <testcase name="testUnequals" time="0.001" classname="in.zapr.druid.druidry.query.aggregation.TopNQueryTest"/>
  <testcase name="testAllFields" time="0.002" classname="in.zapr.druid.druidry.filter.NotFilterTest"/>
  <testcase name="testFieldsMissing" time="0.001" classname="in.zapr.druid.druidry.filter.NotFilterTest"/>
  <testcase name="testAllFields" time="0.003" classname="in.zapr.druid.druidry.topNMetric.DimensionMetricTest"/>
  <testcase name="testEqualsNegative" time="0.0" classname="in.zapr.druid.druidry.topNMetric.DimensionMetricTest"/>
  <testcase name="testEqualsPositive" time="0.0" classname="in.zapr.druid.druidry.topNMetric.DimensionMetricTest"/>
  <testcase name="testRequiredFields" time="0.001" classname="in.zapr.druid.druidry.topNMetric.DimensionMetricTest"/>
  <testcase name="testAllFieldsNumeric" time="0.001" classname="in.zapr.druid.druidry.filter.havingSpec.EqualToHavingTest"/>
  <testcase name="testSettingRequiredFieldAsNull" time="0.001" classname="in.zapr.druid.druidry.filter.havingSpec.EqualToHavingTest"/>
  <testcase name="testAllFields" time="0.001" classname="in.zapr.druid.druidry.extractionFunctions.StrLenExtractionFunctionTest"/>
  <testcase name="testOrderColumnSpecOnlyDimensionField" time="0.0" classname="in.zapr.druid.druidry.limitSpec.OrderByColumnSpecMapTest"/>
  <testcase name="testAllFields" time="0.13" classname="in.zapr.druid.druidry.extensions.histogram.postAggregator.EqualBucketsPostAggregatorTest"/>
  <testcase name="testIllegalNumBucketValue" time="0.001" classname="in.zapr.druid.druidry.extensions.histogram.postAggregator.EqualBucketsPostAggregatorTest"/>
  <testcase name="testMissingFieldNameFields" time="0.001" classname="in.zapr.druid.druidry.extensions.histogram.postAggregator.EqualBucketsPostAggregatorTest"/>
  <testcase name="testMissingNameFields" time="0.0" classname="in.zapr.druid.druidry.extensions.histogram.postAggregator.EqualBucketsPostAggregatorTest"/>
  <testcase name="testFields" time="0.007" classname="in.zapr.druid.druidry.filter.IntervalFilterTest"/>
  <testcase name="testMissingDimensionField" time="0.001" classname="in.zapr.druid.druidry.filter.IntervalFilterTest"/>
  <testcase name="testMissingIntervalField" time="0.0" classname="in.zapr.druid.druidry.filter.IntervalFilterTest"/>
  <testcase name="testAllFields" time="0.003" classname="in.zapr.druid.druidry.extractionFunctions.TimeParsingExtractionFunctionTest"/>
  <testcase name="testRequiredField" time="0.0" classname="in.zapr.druid.druidry.extractionFunctions.TimeParsingExtractionFunctionTest"/>
  <testcase name="testTimeFormatField" time="0.0" classname="in.zapr.druid.druidry.extractionFunctions.TimeParsingExtractionFunctionTest"/>
  <testcase name="testAllFieldsNumeric" time="0.001" classname="in.zapr.druid.druidry.filter.havingSpec.LessThanHavingTest"/>
  <testcase name="testSettingRequiredFieldAsNull" time="0.0" classname="in.zapr.druid.druidry.filter.havingSpec.LessThanHavingTest"/>
  <testcase name="testAllFields" time="0.003" classname="in.zapr.druid.druidry.extensions.histogram.postAggregator.QuantilePostAggregatorTest"/>
  <testcase name="testInvalidGreaterThan1ProbabilityValueName" time="0.0" classname="in.zapr.druid.druidry.extensions.histogram.postAggregator.QuantilePostAggregatorTest"/>
  <testcase name="testInvalidNegativeProbabilityValueName" time="0.0" classname="in.zapr.druid.druidry.extensions.histogram.postAggregator.QuantilePostAggregatorTest"/>
  <testcase name="testNullFieldName" time="0.001" classname="in.zapr.druid.druidry.extensions.histogram.postAggregator.QuantilePostAggregatorTest"/>
  <testcase name="testNullName" time="0.0" classname="in.zapr.druid.druidry.extensions.histogram.postAggregator.QuantilePostAggregatorTest"/>
  <testcase name="testAllFields" time="0.006" classname="in.zapr.druid.druidry.extensions.datasketches.postAggregator.TupleSketchToMeansPostAggregatorTest"/>
  <testcase name="testNullField" time="0.001" classname="in.zapr.druid.druidry.extensions.datasketches.postAggregator.TupleSketchToMeansPostAggregatorTest"/>
  <testcase name="testNullName" time="0.0" classname="in.zapr.druid.druidry.extensions.datasketches.postAggregator.TupleSketchToMeansPostAggregatorTest"/>
  <testcase name="testListFilteredDimension" time="0.003" classname="in.zapr.druid.druidry.dimension.ListFilteredDimensionTest"/>
  <testcase name="testListFilteredDimensionIsWhiteListedDefault" time="0.001" classname="in.zapr.druid.druidry.dimension.ListFilteredDimensionTest"/>
  <testcase name="testListFilteredDimensionIsWhiteListedFalse" time="0.001" classname="in.zapr.druid.druidry.dimension.ListFilteredDimensionTest"/>
  <testcase name="testListFilteredDimensionWithNullDimension" time="0.0" classname="in.zapr.druid.druidry.dimension.ListFilteredDimensionTest"/>
  <testcase name="testListFilteredDimensionWithNullList" time="0.0" classname="in.zapr.druid.druidry.dimension.ListFilteredDimensionTest"/>
  <testcase name="preconditionBatchSizeCheck" time="0.002" classname="in.zapr.druid.druidry.query.scan.DruidScanQueryTest"/>
  <testcase name="preconditionLimitCheck" time="0.0" classname="in.zapr.druid.druidry.query.scan.DruidScanQueryTest"/>
  <testcase name="testRequiredFields" time="0.007" classname="in.zapr.druid.druidry.query.scan.DruidScanQueryTest"/>
  <testcase name="testSampleQuery" time="0.005" classname="in.zapr.druid.druidry.query.scan.DruidScanQueryTest"/>
  <testcase name="testSampleQueryWithEmptyLines" time="0.0" classname="in.zapr.druid.druidry.query.scan.DruidScanQueryTest"/>
  <testcase name="testAllFields" time="0.004" classname="in.zapr.druid.druidry.extensions.histogram.aggregator.QuantilePostAggregatorTest"/>
  <testcase name="testNullFieldName" time="0.001" classname="in.zapr.druid.druidry.extensions.histogram.aggregator.QuantilePostAggregatorTest"/>
  <testcase name="testNullName" time="0.0" classname="in.zapr.druid.druidry.extensions.histogram.aggregator.QuantilePostAggregatorTest"/>
  <testcase name="testArithmeticPostAggregatorAllFields" time="0.001" classname="in.zapr.druid.druidry.postAggregator.HyperUniqueCardinalityPostAggregatorTest"/>
  <testcase name="testEqualsNegative" time="0.0" classname="in.zapr.druid.druidry.postAggregator.HyperUniqueCardinalityPostAggregatorTest"/>
  <testcase name="testEqualsPositive" time="0.0" classname="in.zapr.druid.druidry.postAggregator.HyperUniqueCardinalityPostAggregatorTest"/>
  <testcase name="testEqualsWithAnotherSubClass" time="0.001" classname="in.zapr.druid.druidry.postAggregator.HyperUniqueCardinalityPostAggregatorTest"/>
  <testcase name="testNullFieldName" time="0.0" classname="in.zapr.druid.druidry.postAggregator.HyperUniqueCardinalityPostAggregatorTest"/>
  <testcase name="testNullName" time="0.001" classname="in.zapr.druid.druidry.postAggregator.HyperUniqueCardinalityPostAggregatorTest"/>
  <testcase name="testAllFields" time="0.002" classname="in.zapr.druid.druidry.extensions.datasketches.postAggregator.TupleSketchToStringPostAggregatorTest"/>
  <testcase name="testNullField" time="0.001" classname="in.zapr.druid.druidry.extensions.datasketches.postAggregator.TupleSketchToStringPostAggregatorTest"/>
  <testcase name="testNullName" time="0.001" classname="in.zapr.druid.druidry.extensions.datasketches.postAggregator.TupleSketchToStringPostAggregatorTest"/>
  <testcase name="testNullableDataSource" time="0.003" classname="in.zapr.druid.druidry.query.select.DruidSelectQueryTest"/>
  <testcase name="testNullableInterval" time="0.001" classname="in.zapr.druid.druidry.query.select.DruidSelectQueryTest"/>
  <testcase name="testNullablePagingSpec" time="0.001" classname="in.zapr.druid.druidry.query.select.DruidSelectQueryTest"/>
  <testcase name="testPagingQuery" time="0.013" classname="in.zapr.druid.druidry.query.select.DruidSelectQueryTest"/>
  <testcase name="testSampleQuery" time="0.002" classname="in.zapr.druid.druidry.query.select.DruidSelectQueryTest"/>
  <testcase name="testAllFields" time="0.004" classname="in.zapr.druid.druidry.extensions.datasketches.postAggregator.QuantilesSketchToHistogramPostAggregatorTest"/>
  <testcase name="testNullField" time="0.0" classname="in.zapr.druid.druidry.extensions.datasketches.postAggregator.QuantilesSketchToHistogramPostAggregatorTest"/>
  <testcase name="testNullName" time="0.001" classname="in.zapr.druid.druidry.extensions.datasketches.postAggregator.QuantilesSketchToHistogramPostAggregatorTest"/>
  <testcase name="testNullSplitPoints" time="0.0" classname="in.zapr.druid.druidry.extensions.datasketches.postAggregator.QuantilesSketchToHistogramPostAggregatorTest"/>
  <testcase name="testAllFields" time="0.002" classname="in.zapr.druid.druidry.extensions.datasketches.postAggregator.ThetaSketchSetOpPostAggregatorTest"/>
  <testcase name="testNullFields" time="0.001" classname="in.zapr.druid.druidry.extensions.datasketches.postAggregator.ThetaSketchSetOpPostAggregatorTest"/>
  <testcase name="testNullFunction" time="0.0" classname="in.zapr.druid.druidry.extensions.datasketches.postAggregator.ThetaSketchSetOpPostAggregatorTest"/>
  <testcase name="testNullName" time="0.0" classname="in.zapr.druid.druidry.extensions.datasketches.postAggregator.ThetaSketchSetOpPostAggregatorTest"/>
  <testcase name="testRequiredFields" time="0.001" classname="in.zapr.druid.druidry.extensions.datasketches.postAggregator.ThetaSketchSetOpPostAggregatorTest"/>
  <testcase name="testAllAveragerTypes" time="0.012" classname="in.zapr.druid.druidry.query.aggregation.MovingAverageTest"/>
  <testcase name="testAllAveragerTypes" time="0.006" classname="in.zapr.druid.druidry.query.aggregation.MovingAverageTest"/>
  <testcase name="testAllAveragerTypes" time="0.003" classname="in.zapr.druid.druidry.query.aggregation.MovingAverageTest"/>
  <testcase name="testAllAveragerTypes" time="0.005" classname="in.zapr.druid.druidry.query.aggregation.MovingAverageTest"/>
  <testcase name="testAllAveragerTypes" time="0.004" classname="in.zapr.druid.druidry.query.aggregation.MovingAverageTest"/>
  <testcase name="testAllAveragerTypes" time="0.003" classname="in.zapr.druid.druidry.query.aggregation.MovingAverageTest"/>
  <testcase name="testAllAveragerTypes" time="0.002" classname="in.zapr.druid.druidry.query.aggregation.MovingAverageTest"/>
  <testcase name="testAllAveragerTypes" time="0.003" classname="in.zapr.druid.druidry.query.aggregation.MovingAverageTest"/>
  <testcase name="testAllAveragerTypes" time="0.005" classname="in.zapr.druid.druidry.query.aggregation.MovingAverageTest"/>
  <testcase name="testAllAveragerTypes" time="0.003" classname="in.zapr.druid.druidry.query.aggregation.MovingAverageTest"/>
  <testcase name="testAllFieldsQuery" time="0.018" classname="in.zapr.druid.druidry.query.aggregation.MovingAverageTest"/>
  <testcase name="testSimpleQuery" time="0.002" classname="in.zapr.druid.druidry.query.aggregation.MovingAverageTest"/>
  <testcase name="tryToBuildWithoutAggregations" time="0.0" classname="in.zapr.druid.druidry.query.aggregation.MovingAverageTest"/>
  <testcase name="tryToBuildWithoutAveragers" time="0.001" classname="in.zapr.druid.druidry.query.aggregation.MovingAverageTest"/>
  <testcase name="tryToBuildWithoutDataSource" time="0.0" classname="in.zapr.druid.druidry.query.aggregation.MovingAverageTest"/>
  <testcase name="tryToBuildWithoutGranularity" time="0.0" classname="in.zapr.druid.druidry.query.aggregation.MovingAverageTest"/>
  <testcase name="tryToBuildWithoutIntervals" time="0.001" classname="in.zapr.druid.druidry.query.aggregation.MovingAverageTest"/>
  <testcase name="testAllFields" time="0.002" classname="in.zapr.druid.druidry.aggregator.StringLastAggregatorTest"/>
  <testcase name="testRequiredFields" time="0.0" classname="in.zapr.druid.druidry.aggregator.StringLastAggregatorTest"/>
  <testcase name="tryToCreateWithoutFieldName" time="0.001" classname="in.zapr.druid.druidry.aggregator.StringLastAggregatorTest"/>
  <testcase name="tryToCreateWithoutName" time="0.0" classname="in.zapr.druid.druidry.aggregator.StringLastAggregatorTest"/>
  <testcase name="testAllFields" time="0.004" classname="in.zapr.druid.druidry.extensions.histogram.postAggregator.QuantilesPostAggregatorTest"/>
  <testcase name="testNullFieldName" time="0.0" classname="in.zapr.druid.druidry.extensions.histogram.postAggregator.QuantilesPostAggregatorTest"/>
  <testcase name="testNullName" time="0.0" classname="in.zapr.druid.druidry.extensions.histogram.postAggregator.QuantilesPostAggregatorTest"/>
  <testcase name="testAllFields" time="0.002" classname="in.zapr.druid.druidry.aggregator.DoubleMinAggregatorTest"/>
  <testcase name="testAllFieldsButFieldName" time="0.001" classname="in.zapr.druid.druidry.aggregator.DoubleMinAggregatorTest"/>
  <testcase name="testEqualsNegative" time="0.001" classname="in.zapr.druid.druidry.aggregator.DoubleMinAggregatorTest"/>
  <testcase name="testEqualsPositive" time="0.0" classname="in.zapr.druid.druidry.aggregator.DoubleMinAggregatorTest"/>
  <testcase name="testEqualsWithAnotherSubClass" time="0.0" classname="in.zapr.druid.druidry.aggregator.DoubleMinAggregatorTest"/>
  <testcase name="testNullName" time="0.001" classname="in.zapr.druid.druidry.aggregator.DoubleMinAggregatorTest"/>
  <testcase name="preconditionCheck" time="0.0" classname="in.zapr.druid.druidry.query.config.ContextTest"/>
  <testcase name="testAllFields" time="0.006" classname="in.zapr.druid.druidry.query.config.ContextTest"/>
  <testcase name="testContextEquals" time="0.0" classname="in.zapr.druid.druidry.query.config.ContextTest"/>
  <testcase name="testContextUnequals" time="0.0" classname="in.zapr.druid.druidry.query.config.ContextTest"/>
  <testcase name="testNoFields" time="0.001" classname="in.zapr.druid.druidry.query.config.ContextTest"/>
  <testcase name="testAllFields" time="0.003" classname="in.zapr.druid.druidry.postAggregator.JavascriptPostAggregatorTest"/>
  <testcase name="testEqualsNegative" time="0.001" classname="in.zapr.druid.druidry.postAggregator.JavascriptPostAggregatorTest"/>
  <testcase name="testEqualsPositive" time="0.0" classname="in.zapr.druid.druidry.postAggregator.JavascriptPostAggregatorTest"/>
  <testcase name="testEqualsWithAnotherSubClass" time="0.0" classname="in.zapr.druid.druidry.postAggregator.JavascriptPostAggregatorTest"/>
  <testcase name="testMissingFieldsField" time="0.0" classname="in.zapr.druid.druidry.postAggregator.JavascriptPostAggregatorTest"/>
  <testcase name="testMissingFunctionField" time="0.0" classname="in.zapr.druid.druidry.postAggregator.JavascriptPostAggregatorTest"/>
  <testcase name="testMissingNameField" time="0.0" classname="in.zapr.druid.druidry.postAggregator.JavascriptPostAggregatorTest"/>
  <testcase name="testAllFields" time="0.002" classname="in.zapr.druid.druidry.aggregator.CardinalityAggregatorTest"/>
  <testcase name="testEqualsNegative" time="0.0" classname="in.zapr.druid.druidry.aggregator.CardinalityAggregatorTest"/>
  <testcase name="testEqualsPositive" time="0.0" classname="in.zapr.druid.druidry.aggregator.CardinalityAggregatorTest"/>
  <testcase name="testEqualsWithAnotherSubClass" time="0.0" classname="in.zapr.druid.druidry.aggregator.CardinalityAggregatorTest"/>
  <testcase name="testMissingFieldsField" time="0.0" classname="in.zapr.druid.druidry.aggregator.CardinalityAggregatorTest"/>
  <testcase name="testMissingNameField" time="0.001" classname="in.zapr.druid.druidry.aggregator.CardinalityAggregatorTest"/>
  <testcase name="testRequiredFields" time="0.0" classname="in.zapr.druid.druidry.aggregator.CardinalityAggregatorTest"/>
  <testcase name="testAllFields" time="0.001" classname="in.zapr.druid.druidry.dimension.DefaultDimensionTest"/>
  <testcase name="testDimensionMissingFields" time="0.001" classname="in.zapr.druid.druidry.dimension.DefaultDimensionTest"/>
  <testcase name="testEqualsNegative" time="0.001" classname="in.zapr.druid.druidry.dimension.DefaultDimensionTest"/>
  <testcase name="testEqualsPositive" time="0.003" classname="in.zapr.druid.druidry.dimension.DefaultDimensionTest"/>
  <testcase name="testEqualsWithAnotherSubClass" time="0.0" classname="in.zapr.druid.druidry.dimension.DefaultDimensionTest"/>
  <testcase name="testOutputNameMissingFields" time="0.0" classname="in.zapr.druid.druidry.dimension.DefaultDimensionTest"/>
  <testcase name="testRequiredFields" time="0.0" classname="in.zapr.druid.druidry.dimension.DefaultDimensionTest"/>
  <testcase name="testAllFields" time="0.002" classname="in.zapr.druid.druidry.extensions.distinctcount.aggregator.DistinctCountAggregatorTest"/>
  <testcase name="testEqualsNegative" time="0.0" classname="in.zapr.druid.druidry.extensions.distinctcount.aggregator.DistinctCountAggregatorTest"/>
  <testcase name="testEqualsPositive" time="0.0" classname="in.zapr.druid.druidry.extensions.distinctcount.aggregator.DistinctCountAggregatorTest"/>
  <testcase name="testNullFields" time="0.0" classname="in.zapr.druid.druidry.extensions.distinctcount.aggregator.DistinctCountAggregatorTest"/>
  <testcase name="testAllFields" time="0.001" classname="in.zapr.druid.druidry.aggregator.DoubleFirstAggregatorTest"/>
  <testcase name="testEqualsNegative" time="0.0" classname="in.zapr.druid.druidry.aggregator.DoubleFirstAggregatorTest"/>
  <testcase name="testEqualsPositive" time="0.0" classname="in.zapr.druid.druidry.aggregator.DoubleFirstAggregatorTest"/>
  <testcase name="testEqualsWithAnotherSubClass" time="0.0" classname="in.zapr.druid.druidry.aggregator.DoubleFirstAggregatorTest"/>
  <testcase name="testFieldName" time="0.0" classname="in.zapr.druid.druidry.aggregator.DoubleFirstAggregatorTest"/>
  <testcase name="testNullName" time="0.0" classname="in.zapr.druid.druidry.aggregator.DoubleFirstAggregatorTest"/>
  <testcase name="testAllFields" time="0.002" classname="in.zapr.druid.druidry.aggregator.LongLastAggregatorTest"/>
  <testcase name="testEqualsNegative" time="0.001" classname="in.zapr.druid.druidry.aggregator.LongLastAggregatorTest"/>
  <testcase name="testEqualsPositive" time="0.001" classname="in.zapr.druid.druidry.aggregator.LongLastAggregatorTest"/>
  <testcase name="testEqualsWithAnotherSubClass" time="0.001" classname="in.zapr.druid.druidry.aggregator.LongLastAggregatorTest"/>
  <testcase name="testFieldName" time="0.001" classname="in.zapr.druid.druidry.aggregator.LongLastAggregatorTest"/>
  <testcase name="testNullName" time="0.001" classname="in.zapr.druid.druidry.aggregator.LongLastAggregatorTest"/>
  <testcase name="intervalEqualityTest" time="0.0" classname="in.zapr.druid.druidry.query.config.IntervalTest"/>
  <testcase name="testMissingEndField" time="0.0" classname="in.zapr.druid.druidry.query.config.IntervalTest"/>
  <testcase name="testMissingStartField" time="0.001" classname="in.zapr.druid.druidry.query.config.IntervalTest"/>
  <testcase name="testAllFields" time="0.003" classname="in.zapr.druid.druidry.aggregator.LongMinAggregatorTest"/>
  <testcase name="testAllFieldsButFieldName" time="0.0" classname="in.zapr.druid.druidry.aggregator.LongMinAggregatorTest"/>
  <testcase name="testEqualsNegative" time="0.0" classname="in.zapr.druid.druidry.aggregator.LongMinAggregatorTest"/>
  <testcase name="testEqualsPositive" time="0.001" classname="in.zapr.druid.druidry.aggregator.LongMinAggregatorTest"/>
  <testcase name="testEqualsWithAnotherSubClass" time="0.0" classname="in.zapr.druid.druidry.aggregator.LongMinAggregatorTest"/>
  <testcase name="testNullName" time="0.001" classname="in.zapr.druid.druidry.aggregator.LongMinAggregatorTest"/>
  <testcase name="testAllFields" time="0.001" classname="in.zapr.druid.druidry.granularity.DurationGranularityTest"/>
  <testcase name="testEqualsNegative" time="0.001" classname="in.zapr.druid.druidry.granularity.DurationGranularityTest"/>
  <testcase name="testEqualsPositive" time="0.001" classname="in.zapr.druid.druidry.granularity.DurationGranularityTest"/>
  <testcase name="testEqualsWithAnotherSubClass" time="0.0" classname="in.zapr.druid.druidry.granularity.DurationGranularityTest"/>
  <testcase name="testRequiredFields" time="0.0" classname="in.zapr.druid.druidry.granularity.DurationGranularityTest"/>
  <testcase name="testAllFields" time="0.002" classname="in.zapr.druid.druidry.filter.searchQuerySpec.InsensitiveContainsSearchQuerySpecTest"/>
  <testcase name="testMissingValueField" time="0.001" classname="in.zapr.druid.druidry.filter.searchQuerySpec.InsensitiveContainsSearchQuerySpecTest"/>
  <testcase name="testAllFields" time="0.002" classname="in.zapr.druid.druidry.filter.havingSpec.NotHavingTest"/>
  <testcase name="testFieldsMissing" time="0.0" classname="in.zapr.druid.druidry.filter.havingSpec.NotHavingTest"/>
  <testcase name="preconditionCheck" time="0.001" classname="in.zapr.druid.druidry.extensions.datasketches.aggregator.QuantilesSketchAggregatorTest"/>
  <testcase name="testAllFields" time="0.001" classname="in.zapr.druid.druidry.extensions.datasketches.aggregator.QuantilesSketchAggregatorTest"/>
  <testcase name="testNullFieldName" time="0.0" classname="in.zapr.druid.druidry.extensions.datasketches.aggregator.QuantilesSketchAggregatorTest"/>
  <testcase name="testNullName" time="0.0" classname="in.zapr.druid.druidry.extensions.datasketches.aggregator.QuantilesSketchAggregatorTest"/>
  <testcase name="testRequiredFields" time="0.0" classname="in.zapr.druid.druidry.extensions.datasketches.aggregator.QuantilesSketchAggregatorTest"/>
  <testcase name="testAllFields" time="0.009" classname="in.zapr.druid.druidry.query.aggregation.GroupByTest"/>
  <testcase name="testRequiredFields" time="0.001" classname="in.zapr.druid.druidry.query.aggregation.GroupByTest"/>
  <testcase name="testSampleQuery" time="0.006" classname="in.zapr.druid.druidry.query.aggregation.GroupByTest"/>
  <testcase name="testAllFields" time="0.004" classname="in.zapr.druid.druidry.extensions.datasketches.postAggregator.HllSketchEstimateWithBoundsPostAggregatorTest"/>
  <testcase name="testNullField" time="0.001" classname="in.zapr.druid.druidry.extensions.datasketches.postAggregator.HllSketchEstimateWithBoundsPostAggregatorTest"/>
  <testcase name="testNullName" time="0.0" classname="in.zapr.druid.druidry.extensions.datasketches.postAggregator.HllSketchEstimateWithBoundsPostAggregatorTest"/>
  <testcase name="testRequiredFields" time="0.001" classname="in.zapr.druid.druidry.extensions.datasketches.postAggregator.HllSketchEstimateWithBoundsPostAggregatorTest"/>
  <testcase name="testAllFields" time="0.007" classname="in.zapr.druid.druidry.query.search.DruidSearchQueryTest"/>
  <testcase name="testRequiredFields" time="0.001" classname="in.zapr.druid.druidry.query.search.DruidSearchQueryTest"/>
  <testcase name="testSampleQuery" time="0.004" classname="in.zapr.druid.druidry.query.search.DruidSearchQueryTest"/>
  <testcase name="testAllFields" time="0.004" classname="in.zapr.druid.druidry.extensions.histogram.aggregator.ApproxHistogramFoldAggregatorTest"/>
  <testcase name="testNullFieldName" time="0.001" classname="in.zapr.druid.druidry.extensions.histogram.aggregator.ApproxHistogramFoldAggregatorTest"/>
  <testcase name="testNullName" time="0.0" classname="in.zapr.druid.druidry.extensions.histogram.aggregator.ApproxHistogramFoldAggregatorTest"/>
  <testcase name="testNullableDataSourceName" time="0.0" classname="in.zapr.druid.druidry.dataSource.TableDataSourceTest"/>
  <testcase name="testTableDataSource" time="0.0" classname="in.zapr.druid.druidry.dataSource.TableDataSourceTest"/>
  <testcase name="testAllFields" time="0.0" classname="in.zapr.druid.druidry.dimension.SimpleDimensionTest"/>
  <testcase name="testEqualsNegative" time="0.0" classname="in.zapr.druid.druidry.dimension.SimpleDimensionTest"/>
  <testcase name="testEqualsPositive" time="0.0" classname="in.zapr.druid.druidry.dimension.SimpleDimensionTest"/>
  <testcase name="testEqualsWithAnotherSubClass" time="0.001" classname="in.zapr.druid.druidry.dimension.SimpleDimensionTest"/>
  <testcase name="testAllFields" time="0.002" classname="in.zapr.druid.druidry.extensions.datasketches.postAggregator.TupleSketchToNumEntriesPostAggregatorTest"/>
  <testcase name="testNullField" time="0.0" classname="in.zapr.druid.druidry.extensions.datasketches.postAggregator.TupleSketchToNumEntriesPostAggregatorTest"/>
  <testcase name="testNullName" time="0.0" classname="in.zapr.druid.druidry.extensions.datasketches.postAggregator.TupleSketchToNumEntriesPostAggregatorTest"/>
  <testcase name="testAllFieldsNumeric" time="0.003" classname="in.zapr.druid.druidry.filter.havingSpec.DimSelectionHavingTest"/>
  <testcase name="testAllFieldsString" time="0.0" classname="in.zapr.druid.druidry.filter.havingSpec.DimSelectionHavingTest"/>
  <testcase name="testOptionalWithNullField" time="0.0" classname="in.zapr.druid.druidry.filter.havingSpec.DimSelectionHavingTest"/>
  <testcase name="testOptionalWithNumericField" time="0.001" classname="in.zapr.druid.druidry.filter.havingSpec.DimSelectionHavingTest"/>
  <testcase name="testOptionalWithStringField" time="0.0" classname="in.zapr.druid.druidry.filter.havingSpec.DimSelectionHavingTest"/>
  <testcase name="testSettingRequiredFieldAsNull" time="0.001" classname="in.zapr.druid.druidry.filter.havingSpec.DimSelectionHavingTest"/>
  <testcase name="testDimensionMissingFields" time="0.001" classname="in.zapr.druid.druidry.dimension.ExtractionDimensionTest"/>
  <testcase name="testEqualsNegative" time="0.0" classname="in.zapr.druid.druidry.dimension.ExtractionDimensionTest"/>
  <testcase name="testEqualsPositive" time="0.001" classname="in.zapr.druid.druidry.dimension.ExtractionDimensionTest"/>
  <testcase name="testEqualsWithAnotherSubClass" time="0.0" classname="in.zapr.druid.druidry.dimension.ExtractionDimensionTest"/>
  <testcase name="testExtractionFunctionMissingFields" time="0.0" classname="in.zapr.druid.druidry.dimension.ExtractionDimensionTest"/>
  <testcase name="testOutputNameMissingFields" time="0.0" classname="in.zapr.druid.druidry.dimension.ExtractionDimensionTest"/>
  <testcase name="testRequiredFields" time="0.003" classname="in.zapr.druid.druidry.dimension.ExtractionDimensionTest"/>
  <testcase name="testSampleExtractionFunction" time="0.001" classname="in.zapr.druid.druidry.dimension.ExtractionDimensionTest"/>
  <testcase name="testAllFields" time="0.005" classname="in.zapr.druid.druidry.extensions.datasketches.postAggregator.HllSketchUnionPostAggregatorTest"/>
  <testcase name="testNullFields" time="0.001" classname="in.zapr.druid.druidry.extensions.datasketches.postAggregator.HllSketchUnionPostAggregatorTest"/>
  <testcase name="testNullName" time="0.0" classname="in.zapr.druid.druidry.extensions.datasketches.postAggregator.HllSketchUnionPostAggregatorTest"/>
  <testcase name="testRequiredFields" time="0.0" classname="in.zapr.druid.druidry.extensions.datasketches.postAggregator.HllSketchUnionPostAggregatorTest"/>
  <testcase name="testAllFields" time="0.003" classname="in.zapr.druid.druidry.extensions.histogram.aggregator.ApproxHistogramAggregatorTest"/>
  <testcase name="testNullFieldName" time="0.001" classname="in.zapr.druid.druidry.extensions.histogram.aggregator.ApproxHistogramAggregatorTest"/>
  <testcase name="testNullName" time="0.0" classname="in.zapr.druid.druidry.extensions.histogram.aggregator.ApproxHistogramAggregatorTest"/>
  <testcase name="testSampleRegexFilteredDimension" time="0.002" classname="in.zapr.druid.druidry.dimension.RegexFilteredDimensionTest"/>
  <testcase name="testSampleRegexFilteredDimensionWithNullDimensionSpec" time="0.0" classname="in.zapr.druid.druidry.dimension.RegexFilteredDimensionTest"/>
  <testcase name="testSampleRegexFilteredDimensionWithNullRegex" time="0.0" classname="in.zapr.druid.druidry.dimension.RegexFilteredDimensionTest"/>
</testsuite> <!-- Default test -->
