<?xml version="1.0" encoding="UTF-8"?>
<testng-results skipped="0" failed="0" ignored="0" total="474" passed="474">
  <reporter-output>
  </reporter-output>
  <suite name="Default suite" duration-ms="1997" started-at="2023-02-15T11:11:11Z" finished-at="2023-02-15T11:11:13Z">
    <groups>
    </groups>
    <test name="Default test" duration-ms="1997" started-at="2023-02-15T11:11:11Z" finished-at="2023-02-15T11:11:13Z">
      <class name="in.zapr.druid.druidry.filter.searchQuerySpec.FragmentSearchQuerySpecTest">
        <test-method status="PASS" signature="init()[pri:0, instance:in.zapr.druid.druidry.filter.searchQuerySpec.FragmentSearchQuerySpecTest@7ce3cb8e]" name="init" is-config="true" duration-ms="140" started-at="2023-02-15T14:11:11Z" finished-at="2023-02-15T14:11:11Z">
          <reporter-output>
          </reporter-output>
        </test-method> <!-- init -->
        <test-method status="PASS" signature="testAllFields()[pri:0, instance:in.zapr.druid.druidry.filter.searchQuerySpec.FragmentSearchQuerySpecTest@7ce3cb8e]" name="testAllFields" duration-ms="68" started-at="2023-02-15T14:11:11Z" finished-at="2023-02-15T14:11:12Z">
          <reporter-output>
          </reporter-output>
        </test-method> <!-- testAllFields -->
        <test-method status="PASS" signature="testMissingValueField()[pri:0, instance:in.zapr.druid.druidry.filter.searchQuerySpec.FragmentSearchQuerySpecTest@7ce3cb8e]" name="testMissingValueField" duration-ms="1" started-at="2023-02-15T14:11:12Z" finished-at="2023-02-15T14:11:12Z">
          <exception class="java.lang.NullPointerException">
            <message>
              <![CDATA[values is marked non-null but is null]]>
            </message>
            <full-stacktrace>
              <![CDATA[java.lang.NullPointerException: values is marked non-null but is null
	at in.zapr.druid.druidry.filter.searchQuerySpec.FragmentSearchQuerySpec.<init>(FragmentSearchQuerySpec.java:39)
	at in.zapr.druid.druidry.filter.searchQuerySpec.FragmentSearchQuerySpec.<init>(FragmentSearchQuerySpec.java:36)
	at in.zapr.druid.druidry.filter.searchQuerySpec.FragmentSearchQuerySpecTest.testMissingValueField(FragmentSearchQuerySpecTest.java:80)
	at sun.reflect.NativeMethodAccessorImpl.invoke0(Native Method)
	at sun.reflect.NativeMethodAccessorImpl.invoke(NativeMethodAccessorImpl.java:62)
	at sun.reflect.DelegatingMethodAccessorImpl.invoke(DelegatingMethodAccessorImpl.java:43)
	at java.lang.reflect.Method.invoke(Method.java:498)
	at org.testng.internal.MethodInvocationHelper.invokeMethod(MethodInvocationHelper.java:108)
	at org.testng.internal.Invoker.invokeMethod(Invoker.java:661)
	at org.testng.internal.Invoker.invokeTestMethod(Invoker.java:869)
	at org.testng.internal.Invoker.invokeTestMethods(Invoker.java:1193)
	at org.testng.internal.TestMethodWorker.invokeTestMethods(TestMethodWorker.java:126)
	at org.testng.internal.TestMethodWorker.run(TestMethodWorker.java:109)
	at org.testng.TestRunner.privateRun(TestRunner.java:744)
	at org.testng.TestRunner.run(TestRunner.java:602)
	at org.testng.SuiteRunner.runTest(SuiteRunner.java:380)
	at org.testng.SuiteRunner.runSequentially(SuiteRunner.java:375)
	at org.testng.SuiteRunner.privateRun(SuiteRunner.java:340)
	at org.testng.SuiteRunner.run(SuiteRunner.java:289)
	at org.testng.SuiteRunnerWorker.runSuite(SuiteRunnerWorker.java:52)
	at org.testng.SuiteRunnerWorker.run(SuiteRunnerWorker.java:86)
	at org.testng.TestNG.runSuitesSequentially(TestNG.java:1301)
	at org.testng.TestNG.runSuitesLocally(TestNG.java:1226)
	at org.testng.TestNG.runSuites(TestNG.java:1144)
	at org.testng.TestNG.run(TestNG.java:1115)
	at org.testng.remote.AbstractRemoteTestNG.run(AbstractRemoteTestNG.java:115)
	at org.testng.remote.RemoteTestNG.initAndRun(RemoteTestNG.java:251)
	at org.testng.remote.RemoteTestNG.main(RemoteTestNG.java:77)
]]>
            </full-stacktrace>
          </exception> <!-- java.lang.NullPointerException -->
          <reporter-output>
          </reporter-output>
        </test-method> <!-- testMissingValueField -->
        <test-method status="PASS" signature="testRequiredFields()[pri:0, instance:in.zapr.druid.druidry.filter.searchQuerySpec.FragmentSearchQuerySpecTest@7ce3cb8e]" name="testRequiredFields" duration-ms="5" started-at="2023-02-15T14:11:12Z" finished-at="2023-02-15T14:11:12Z">
          <reporter-output>
          </reporter-output>
        </test-method> <!-- testRequiredFields -->
      </class> <!-- in.zapr.druid.druidry.filter.searchQuerySpec.FragmentSearchQuerySpecTest -->
      <class name="in.zapr.druid.druidry.filter.havingSpec.FilterHavingTest">
        <test-method status="PASS" signature="init()[pri:0, instance:in.zapr.druid.druidry.filter.havingSpec.FilterHavingTest@78b66d36]" name="init" is-config="true" duration-ms="1" started-at="2023-02-15T14:11:12Z" finished-at="2023-02-15T14:11:12Z">
          <reporter-output>
          </reporter-output>
        </test-method> <!-- init -->
        <test-method status="PASS" signature="testDimensionMissing()[pri:0, instance:in.zapr.druid.druidry.filter.havingSpec.FilterHavingTest@78b66d36]" name="testDimensionMissing" duration-ms="2" started-at="2023-02-15T14:11:12Z" finished-at="2023-02-15T14:11:12Z">
          <exception class="java.lang.NullPointerException">
            <message>
              <![CDATA[filter is marked non-null but is null]]>
            </message>
            <full-stacktrace>
              <![CDATA[java.lang.NullPointerException: filter is marked non-null but is null
	at in.zapr.druid.druidry.filter.havingSpec.FilterHaving.<init>(FilterHaving.java:31)
	at in.zapr.druid.druidry.filter.havingSpec.FilterHavingTest.testDimensionMissing(FilterHavingTest.java:59)
	at sun.reflect.NativeMethodAccessorImpl.invoke0(Native Method)
	at sun.reflect.NativeMethodAccessorImpl.invoke(NativeMethodAccessorImpl.java:62)
	at sun.reflect.DelegatingMethodAccessorImpl.invoke(DelegatingMethodAccessorImpl.java:43)
	at java.lang.reflect.Method.invoke(Method.java:498)
	at org.testng.internal.MethodInvocationHelper.invokeMethod(MethodInvocationHelper.java:108)
	at org.testng.internal.Invoker.invokeMethod(Invoker.java:661)
	at org.testng.internal.Invoker.invokeTestMethod(Invoker.java:869)
	at org.testng.internal.Invoker.invokeTestMethods(Invoker.java:1193)
	at org.testng.internal.TestMethodWorker.invokeTestMethods(TestMethodWorker.java:126)
	at org.testng.internal.TestMethodWorker.run(TestMethodWorker.java:109)
	at org.testng.TestRunner.privateRun(TestRunner.java:744)
	at org.testng.TestRunner.run(TestRunner.java:602)
	at org.testng.SuiteRunner.runTest(SuiteRunner.java:380)
	at org.testng.SuiteRunner.runSequentially(SuiteRunner.java:375)
	at org.testng.SuiteRunner.privateRun(SuiteRunner.java:340)
	at org.testng.SuiteRunner.run(SuiteRunner.java:289)
	at org.testng.SuiteRunnerWorker.runSuite(SuiteRunnerWorker.java:52)
	at org.testng.SuiteRunnerWorker.run(SuiteRunnerWorker.java:86)
	at org.testng.TestNG.runSuitesSequentially(TestNG.java:1301)
	at org.testng.TestNG.runSuitesLocally(TestNG.java:1226)
	at org.testng.TestNG.runSuites(TestNG.java:1144)
	at org.testng.TestNG.run(TestNG.java:1115)
	at org.testng.remote.AbstractRemoteTestNG.run(AbstractRemoteTestNG.java:115)
	at org.testng.remote.RemoteTestNG.initAndRun(RemoteTestNG.java:251)
	at org.testng.remote.RemoteTestNG.main(RemoteTestNG.java:77)
]]>
            </full-stacktrace>
          </exception> <!-- java.lang.NullPointerException -->
          <reporter-output>
          </reporter-output>
        </test-method> <!-- testDimensionMissing -->
        <test-method status="PASS" signature="testLongField()[pri:0, instance:in.zapr.druid.druidry.filter.havingSpec.FilterHavingTest@78b66d36]" name="testLongField" duration-ms="10" started-at="2023-02-15T14:11:12Z" finished-at="2023-02-15T14:11:12Z">
          <reporter-output>
          </reporter-output>
        </test-method> <!-- testLongField -->
      </class> <!-- in.zapr.druid.druidry.filter.havingSpec.FilterHavingTest -->
      <class name="in.zapr.druid.druidry.filter.havingSpec.AndHavingTest">
        <test-method status="PASS" signature="init()[pri:0, instance:in.zapr.druid.druidry.filter.havingSpec.AndHavingTest@5223e5ee]" name="init" is-config="true" duration-ms="0" started-at="2023-02-15T14:11:12Z" finished-at="2023-02-15T14:11:12Z">
          <reporter-output>
          </reporter-output>
        </test-method> <!-- init -->
        <test-method status="PASS" signature="testAllFields()[pri:0, instance:in.zapr.druid.druidry.filter.havingSpec.AndHavingTest@5223e5ee]" name="testAllFields" duration-ms="4" started-at="2023-02-15T14:11:12Z" finished-at="2023-02-15T14:11:12Z">
          <reporter-output>
          </reporter-output>
        </test-method> <!-- testAllFields -->
        <test-method status="PASS" signature="testEquals()[pri:0, instance:in.zapr.druid.druidry.filter.havingSpec.AndHavingTest@5223e5ee]" name="testEquals" duration-ms="3" started-at="2023-02-15T14:11:12Z" finished-at="2023-02-15T14:11:12Z">
          <reporter-output>
          </reporter-output>
        </test-method> <!-- testEquals -->
        <test-method status="PASS" signature="testFieldsMissing()[pri:0, instance:in.zapr.druid.druidry.filter.havingSpec.AndHavingTest@5223e5ee]" name="testFieldsMissing" duration-ms="1" started-at="2023-02-15T14:11:12Z" finished-at="2023-02-15T14:11:12Z">
          <exception class="java.lang.NullPointerException">
            <message>
              <![CDATA[fields is marked non-null but is null]]>
            </message>
            <full-stacktrace>
              <![CDATA[java.lang.NullPointerException: fields is marked non-null but is null
	at in.zapr.druid.druidry.filter.havingSpec.AndHaving.<init>(AndHaving.java:31)
	at in.zapr.druid.druidry.filter.havingSpec.AndHavingTest.testFieldsMissing(AndHavingTest.java:74)
	at sun.reflect.NativeMethodAccessorImpl.invoke0(Native Method)
	at sun.reflect.NativeMethodAccessorImpl.invoke(NativeMethodAccessorImpl.java:62)
	at sun.reflect.DelegatingMethodAccessorImpl.invoke(DelegatingMethodAccessorImpl.java:43)
	at java.lang.reflect.Method.invoke(Method.java:498)
	at org.testng.internal.MethodInvocationHelper.invokeMethod(MethodInvocationHelper.java:108)
	at org.testng.internal.Invoker.invokeMethod(Invoker.java:661)
	at org.testng.internal.Invoker.invokeTestMethod(Invoker.java:869)
	at org.testng.internal.Invoker.invokeTestMethods(Invoker.java:1193)
	at org.testng.internal.TestMethodWorker.invokeTestMethods(TestMethodWorker.java:126)
	at org.testng.internal.TestMethodWorker.run(TestMethodWorker.java:109)
	at org.testng.TestRunner.privateRun(TestRunner.java:744)
	at org.testng.TestRunner.run(TestRunner.java:602)
	at org.testng.SuiteRunner.runTest(SuiteRunner.java:380)
	at org.testng.SuiteRunner.runSequentially(SuiteRunner.java:375)
	at org.testng.SuiteRunner.privateRun(SuiteRunner.java:340)
	at org.testng.SuiteRunner.run(SuiteRunner.java:289)
	at org.testng.SuiteRunnerWorker.runSuite(SuiteRunnerWorker.java:52)
	at org.testng.SuiteRunnerWorker.run(SuiteRunnerWorker.java:86)
	at org.testng.TestNG.runSuitesSequentially(TestNG.java:1301)
	at org.testng.TestNG.runSuitesLocally(TestNG.java:1226)
	at org.testng.TestNG.runSuites(TestNG.java:1144)
	at org.testng.TestNG.run(TestNG.java:1115)
	at org.testng.remote.AbstractRemoteTestNG.run(AbstractRemoteTestNG.java:115)
	at org.testng.remote.RemoteTestNG.initAndRun(RemoteTestNG.java:251)
	at org.testng.remote.RemoteTestNG.main(RemoteTestNG.java:77)
]]>
            </full-stacktrace>
          </exception> <!-- java.lang.NullPointerException -->
          <reporter-output>
          </reporter-output>
        </test-method> <!-- testFieldsMissing -->
      </class> <!-- in.zapr.druid.druidry.filter.havingSpec.AndHavingTest -->
      <class name="in.zapr.druid.druidry.aggregator.FilteredAggregatorTest">
        <test-method status="PASS" signature="init()[pri:0, instance:in.zapr.druid.druidry.aggregator.FilteredAggregatorTest@bef2d72]" name="init" is-config="true" duration-ms="1" started-at="2023-02-15T14:11:12Z" finished-at="2023-02-15T14:11:12Z">
          <reporter-output>
          </reporter-output>
        </test-method> <!-- init -->
        <test-method status="PASS" signature="testAllFields()[pri:0, instance:in.zapr.druid.druidry.aggregator.FilteredAggregatorTest@bef2d72]" name="testAllFields" duration-ms="4" started-at="2023-02-15T14:11:12Z" finished-at="2023-02-15T14:11:12Z">
          <reporter-output>
          </reporter-output>
        </test-method> <!-- testAllFields -->
      </class> <!-- in.zapr.druid.druidry.aggregator.FilteredAggregatorTest -->
      <class name="in.zapr.druid.druidry.client.DruidClientTest">
        <test-method status="PASS" signature="testAutoClosing()[pri:0, instance:in.zapr.druid.druidry.client.DruidClientTest@69b2283a]" name="testAutoClosing" duration-ms="4" started-at="2023-02-15T14:11:12Z" finished-at="2023-02-15T14:11:12Z">
          <reporter-output>
          </reporter-output>
        </test-method> <!-- testAutoClosing -->
      </class> <!-- in.zapr.druid.druidry.client.DruidClientTest -->
      <class name="in.zapr.druid.druidry.dimension.PrefixFilteredDimensionTest">
        <test-method status="PASS" signature="testPreFixFilteredDimension()[pri:0, instance:in.zapr.druid.druidry.dimension.PrefixFilteredDimensionTest@22a637e7]" name="testPreFixFilteredDimension" duration-ms="13" started-at="2023-02-15T14:11:12Z" finished-at="2023-02-15T14:11:12Z">
          <reporter-output>
          </reporter-output>
        </test-method> <!-- testPreFixFilteredDimension -->
        <test-method status="PASS" signature="init()[pri:0, instance:in.zapr.druid.druidry.dimension.PrefixFilteredDimensionTest@22a637e7]" name="init" is-config="true" duration-ms="0" started-at="2023-02-15T14:11:12Z" finished-at="2023-02-15T14:11:12Z">
          <reporter-output>
          </reporter-output>
        </test-method> <!-- init -->
        <test-method status="PASS" signature="testPreFixFilteredDimensionWithNullDimensionSpec()[pri:0, instance:in.zapr.druid.druidry.dimension.PrefixFilteredDimensionTest@22a637e7]" name="testPreFixFilteredDimensionWithNullDimensionSpec" duration-ms="1" started-at="2023-02-15T14:11:12Z" finished-at="2023-02-15T14:11:12Z">
          <exception class="java.lang.NullPointerException">
            <message>
              <![CDATA[dimensionSpec is marked non-null but is null]]>
            </message>
            <full-stacktrace>
              <![CDATA[java.lang.NullPointerException: dimensionSpec is marked non-null but is null
	at in.zapr.druid.druidry.dimension.PrefixFilteredDimension.<init>(PrefixFilteredDimension.java:35)
	at in.zapr.druid.druidry.dimension.PrefixFilteredDimension$PrefixFilteredDimensionBuilder.build(PrefixFilteredDimension.java:34)
	at in.zapr.druid.druidry.dimension.PrefixFilteredDimensionTest.testPreFixFilteredDimensionWithNullDimensionSpec(PrefixFilteredDimensionTest.java:66)
	at sun.reflect.NativeMethodAccessorImpl.invoke0(Native Method)
	at sun.reflect.NativeMethodAccessorImpl.invoke(NativeMethodAccessorImpl.java:62)
	at sun.reflect.DelegatingMethodAccessorImpl.invoke(DelegatingMethodAccessorImpl.java:43)
	at java.lang.reflect.Method.invoke(Method.java:498)
	at org.testng.internal.MethodInvocationHelper.invokeMethod(MethodInvocationHelper.java:108)
	at org.testng.internal.Invoker.invokeMethod(Invoker.java:661)
	at org.testng.internal.Invoker.invokeTestMethod(Invoker.java:869)
	at org.testng.internal.Invoker.invokeTestMethods(Invoker.java:1193)
	at org.testng.internal.TestMethodWorker.invokeTestMethods(TestMethodWorker.java:126)
	at org.testng.internal.TestMethodWorker.run(TestMethodWorker.java:109)
	at org.testng.TestRunner.privateRun(TestRunner.java:744)
	at org.testng.TestRunner.run(TestRunner.java:602)
	at org.testng.SuiteRunner.runTest(SuiteRunner.java:380)
	at org.testng.SuiteRunner.runSequentially(SuiteRunner.java:375)
	at org.testng.SuiteRunner.privateRun(SuiteRunner.java:340)
	at org.testng.SuiteRunner.run(SuiteRunner.java:289)
	at org.testng.SuiteRunnerWorker.runSuite(SuiteRunnerWorker.java:52)
	at org.testng.SuiteRunnerWorker.run(SuiteRunnerWorker.java:86)
	at org.testng.TestNG.runSuitesSequentially(TestNG.java:1301)
	at org.testng.TestNG.runSuitesLocally(TestNG.java:1226)
	at org.testng.TestNG.runSuites(TestNG.java:1144)
	at org.testng.TestNG.run(TestNG.java:1115)
	at org.testng.remote.AbstractRemoteTestNG.run(AbstractRemoteTestNG.java:115)
	at org.testng.remote.RemoteTestNG.initAndRun(RemoteTestNG.java:251)
	at org.testng.remote.RemoteTestNG.main(RemoteTestNG.java:77)
]]>
            </full-stacktrace>
          </exception> <!-- java.lang.NullPointerException -->
          <reporter-output>
          </reporter-output>
        </test-method> <!-- testPreFixFilteredDimensionWithNullDimensionSpec -->
        <test-method status="PASS" signature="testPreFixFilteredDimensionWithNullPrefix()[pri:0, instance:in.zapr.druid.druidry.dimension.PrefixFilteredDimensionTest@22a637e7]" name="testPreFixFilteredDimensionWithNullPrefix" duration-ms="1" started-at="2023-02-15T14:11:12Z" finished-at="2023-02-15T14:11:12Z">
          <exception class="java.lang.NullPointerException">
            <message>
              <![CDATA[prefix is marked non-null but is null]]>
            </message>
            <full-stacktrace>
              <![CDATA[java.lang.NullPointerException: prefix is marked non-null but is null
	at in.zapr.druid.druidry.dimension.PrefixFilteredDimension.<init>(PrefixFilteredDimension.java:35)
	at in.zapr.druid.druidry.dimension.PrefixFilteredDimension$PrefixFilteredDimensionBuilder.build(PrefixFilteredDimension.java:34)
	at in.zapr.druid.druidry.dimension.PrefixFilteredDimensionTest.testPreFixFilteredDimensionWithNullPrefix(PrefixFilteredDimensionTest.java:79)
	at sun.reflect.NativeMethodAccessorImpl.invoke0(Native Method)
	at sun.reflect.NativeMethodAccessorImpl.invoke(NativeMethodAccessorImpl.java:62)
	at sun.reflect.DelegatingMethodAccessorImpl.invoke(DelegatingMethodAccessorImpl.java:43)
	at java.lang.reflect.Method.invoke(Method.java:498)
	at org.testng.internal.MethodInvocationHelper.invokeMethod(MethodInvocationHelper.java:108)
	at org.testng.internal.Invoker.invokeMethod(Invoker.java:661)
	at org.testng.internal.Invoker.invokeTestMethod(Invoker.java:869)
	at org.testng.internal.Invoker.invokeTestMethods(Invoker.java:1193)
	at org.testng.internal.TestMethodWorker.invokeTestMethods(TestMethodWorker.java:126)
	at org.testng.internal.TestMethodWorker.run(TestMethodWorker.java:109)
	at org.testng.TestRunner.privateRun(TestRunner.java:744)
	at org.testng.TestRunner.run(TestRunner.java:602)
	at org.testng.SuiteRunner.runTest(SuiteRunner.java:380)
	at org.testng.SuiteRunner.runSequentially(SuiteRunner.java:375)
	at org.testng.SuiteRunner.privateRun(SuiteRunner.java:340)
	at org.testng.SuiteRunner.run(SuiteRunner.java:289)
	at org.testng.SuiteRunnerWorker.runSuite(SuiteRunnerWorker.java:52)
	at org.testng.SuiteRunnerWorker.run(SuiteRunnerWorker.java:86)
	at org.testng.TestNG.runSuitesSequentially(TestNG.java:1301)
	at org.testng.TestNG.runSuitesLocally(TestNG.java:1226)
	at org.testng.TestNG.runSuites(TestNG.java:1144)
	at org.testng.TestNG.run(TestNG.java:1115)
	at org.testng.remote.AbstractRemoteTestNG.run(AbstractRemoteTestNG.java:115)
	at org.testng.remote.RemoteTestNG.initAndRun(RemoteTestNG.java:251)
	at org.testng.remote.RemoteTestNG.main(RemoteTestNG.java:77)
]]>
            </full-stacktrace>
          </exception> <!-- java.lang.NullPointerException -->
          <reporter-output>
          </reporter-output>
        </test-method> <!-- testPreFixFilteredDimensionWithNullPrefix -->
      </class> <!-- in.zapr.druid.druidry.dimension.PrefixFilteredDimensionTest -->
      <class name="in.zapr.druid.druidry.extractionFunctions.CascadeExtractionFunctionTest">
        <test-method status="PASS" signature="init()[pri:0, instance:in.zapr.druid.druidry.extractionFunctions.CascadeExtractionFunctionTest@6fe7aac8]" name="init" is-config="true" duration-ms="0" started-at="2023-02-15T14:11:12Z" finished-at="2023-02-15T14:11:12Z">
          <reporter-output>
          </reporter-output>
        </test-method> <!-- init -->
        <test-method status="PASS" signature="testAllFields()[pri:0, instance:in.zapr.druid.druidry.extractionFunctions.CascadeExtractionFunctionTest@6fe7aac8]" name="testAllFields" duration-ms="8" started-at="2023-02-15T14:11:12Z" finished-at="2023-02-15T14:11:12Z">
          <reporter-output>
          </reporter-output>
        </test-method> <!-- testAllFields -->
        <test-method status="PASS" signature="testExtractionFunctionsFields()[pri:0, instance:in.zapr.druid.druidry.extractionFunctions.CascadeExtractionFunctionTest@6fe7aac8]" name="testExtractionFunctionsFields" duration-ms="1" started-at="2023-02-15T14:11:12Z" finished-at="2023-02-15T14:11:12Z">
          <exception class="java.lang.NullPointerException">
            <message>
              <![CDATA[extractionFns is marked non-null but is null]]>
            </message>
            <full-stacktrace>
              <![CDATA[java.lang.NullPointerException: extractionFns is marked non-null but is null
	at in.zapr.druid.druidry.extractionFunctions.CascadeExtractionFunction.<init>(CascadeExtractionFunction.java:31)
	at in.zapr.druid.druidry.extractionFunctions.CascadeExtractionFunction.<init>(CascadeExtractionFunction.java:26)
	at in.zapr.druid.druidry.extractionFunctions.CascadeExtractionFunction$CascadeExtractionFunctionBuilder.build(CascadeExtractionFunction.java:30)
	at in.zapr.druid.druidry.extractionFunctions.CascadeExtractionFunctionTest.testExtractionFunctionsFields(CascadeExtractionFunctionTest.java:67)
	at sun.reflect.NativeMethodAccessorImpl.invoke0(Native Method)
	at sun.reflect.NativeMethodAccessorImpl.invoke(NativeMethodAccessorImpl.java:62)
	at sun.reflect.DelegatingMethodAccessorImpl.invoke(DelegatingMethodAccessorImpl.java:43)
	at java.lang.reflect.Method.invoke(Method.java:498)
	at org.testng.internal.MethodInvocationHelper.invokeMethod(MethodInvocationHelper.java:108)
	at org.testng.internal.Invoker.invokeMethod(Invoker.java:661)
	at org.testng.internal.Invoker.invokeTestMethod(Invoker.java:869)
	at org.testng.internal.Invoker.invokeTestMethods(Invoker.java:1193)
	at org.testng.internal.TestMethodWorker.invokeTestMethods(TestMethodWorker.java:126)
	at org.testng.internal.TestMethodWorker.run(TestMethodWorker.java:109)
	at org.testng.TestRunner.privateRun(TestRunner.java:744)
	at org.testng.TestRunner.run(TestRunner.java:602)
	at org.testng.SuiteRunner.runTest(SuiteRunner.java:380)
	at org.testng.SuiteRunner.runSequentially(SuiteRunner.java:375)
	at org.testng.SuiteRunner.privateRun(SuiteRunner.java:340)
	at org.testng.SuiteRunner.run(SuiteRunner.java:289)
	at org.testng.SuiteRunnerWorker.runSuite(SuiteRunnerWorker.java:52)
	at org.testng.SuiteRunnerWorker.run(SuiteRunnerWorker.java:86)
	at org.testng.TestNG.runSuitesSequentially(TestNG.java:1301)
	at org.testng.TestNG.runSuitesLocally(TestNG.java:1226)
	at org.testng.TestNG.runSuites(TestNG.java:1144)
	at org.testng.TestNG.run(TestNG.java:1115)
	at org.testng.remote.AbstractRemoteTestNG.run(AbstractRemoteTestNG.java:115)
	at org.testng.remote.RemoteTestNG.initAndRun(RemoteTestNG.java:251)
	at org.testng.remote.RemoteTestNG.main(RemoteTestNG.java:77)
]]>
            </full-stacktrace>
          </exception> <!-- java.lang.NullPointerException -->
          <reporter-output>
          </reporter-output>
        </test-method> <!-- testExtractionFunctionsFields -->
      </class> <!-- in.zapr.druid.druidry.extractionFunctions.CascadeExtractionFunctionTest -->
      <class name="in.zapr.druid.druidry.aggregator.LongMaxAggregatorTest">
        <test-method status="PASS" signature="testAllFields()[pri:0, instance:in.zapr.druid.druidry.aggregator.LongMaxAggregatorTest@1d119efb]" name="testAllFields" duration-ms="4" started-at="2023-02-15T14:11:12Z" finished-at="2023-02-15T14:11:12Z">
          <reporter-output>
          </reporter-output>
        </test-method> <!-- testAllFields -->
        <test-method status="PASS" signature="init()[pri:0, instance:in.zapr.druid.druidry.aggregator.LongMaxAggregatorTest@1d119efb]" name="init" is-config="true" duration-ms="0" started-at="2023-02-15T14:11:12Z" finished-at="2023-02-15T14:11:12Z">
          <reporter-output>
          </reporter-output>
        </test-method> <!-- init -->
        <test-method status="PASS" signature="testAllFieldsButFieldName()[pri:0, instance:in.zapr.druid.druidry.aggregator.LongMaxAggregatorTest@1d119efb]" name="testAllFieldsButFieldName" duration-ms="1" started-at="2023-02-15T14:11:12Z" finished-at="2023-02-15T14:11:12Z">
          <reporter-output>
          </reporter-output>
        </test-method> <!-- testAllFieldsButFieldName -->
        <test-method status="PASS" signature="testEqualsNegative()[pri:0, instance:in.zapr.druid.druidry.aggregator.LongMaxAggregatorTest@1d119efb]" name="testEqualsNegative" duration-ms="1" started-at="2023-02-15T14:11:12Z" finished-at="2023-02-15T14:11:12Z">
          <reporter-output>
          </reporter-output>
        </test-method> <!-- testEqualsNegative -->
        <test-method status="PASS" signature="testEqualsPositive()[pri:0, instance:in.zapr.druid.druidry.aggregator.LongMaxAggregatorTest@1d119efb]" name="testEqualsPositive" duration-ms="0" started-at="2023-02-15T14:11:12Z" finished-at="2023-02-15T14:11:12Z">
          <reporter-output>
          </reporter-output>
        </test-method> <!-- testEqualsPositive -->
        <test-method status="PASS" signature="testEqualsWithAnotherSubClass()[pri:0, instance:in.zapr.druid.druidry.aggregator.LongMaxAggregatorTest@1d119efb]" name="testEqualsWithAnotherSubClass" duration-ms="1" started-at="2023-02-15T14:11:12Z" finished-at="2023-02-15T14:11:12Z">
          <reporter-output>
          </reporter-output>
        </test-method> <!-- testEqualsWithAnotherSubClass -->
        <test-method status="PASS" signature="testNullName()[pri:0, instance:in.zapr.druid.druidry.aggregator.LongMaxAggregatorTest@1d119efb]" name="testNullName" duration-ms="1" started-at="2023-02-15T14:11:12Z" finished-at="2023-02-15T14:11:12Z">
          <exception class="java.lang.NullPointerException">
            <message>
              <![CDATA[name is marked non-null but is null]]>
            </message>
            <full-stacktrace>
              <![CDATA[java.lang.NullPointerException: name is marked non-null but is null
	at in.zapr.druid.druidry.aggregator.LongMaxAggregator.<init>(LongMaxAggregator.java:46)
	at in.zapr.druid.druidry.aggregator.LongMaxAggregator.<init>(LongMaxAggregator.java:31)
	at in.zapr.druid.druidry.aggregator.LongMaxAggregator$LongMaxAggregatorBuilder.build(LongMaxAggregator.java:45)
	at in.zapr.druid.druidry.aggregator.LongMaxAggregatorTest.testNullName(LongMaxAggregatorTest.java:83)
	at sun.reflect.NativeMethodAccessorImpl.invoke0(Native Method)
	at sun.reflect.NativeMethodAccessorImpl.invoke(NativeMethodAccessorImpl.java:62)
	at sun.reflect.DelegatingMethodAccessorImpl.invoke(DelegatingMethodAccessorImpl.java:43)
	at java.lang.reflect.Method.invoke(Method.java:498)
	at org.testng.internal.MethodInvocationHelper.invokeMethod(MethodInvocationHelper.java:108)
	at org.testng.internal.Invoker.invokeMethod(Invoker.java:661)
	at org.testng.internal.Invoker.invokeTestMethod(Invoker.java:869)
	at org.testng.internal.Invoker.invokeTestMethods(Invoker.java:1193)
	at org.testng.internal.TestMethodWorker.invokeTestMethods(TestMethodWorker.java:126)
	at org.testng.internal.TestMethodWorker.run(TestMethodWorker.java:109)
	at org.testng.TestRunner.privateRun(TestRunner.java:744)
	at org.testng.TestRunner.run(TestRunner.java:602)
	at org.testng.SuiteRunner.runTest(SuiteRunner.java:380)
	at org.testng.SuiteRunner.runSequentially(SuiteRunner.java:375)
	at org.testng.SuiteRunner.privateRun(SuiteRunner.java:340)
	at org.testng.SuiteRunner.run(SuiteRunner.java:289)
	at org.testng.SuiteRunnerWorker.runSuite(SuiteRunnerWorker.java:52)
	at org.testng.SuiteRunnerWorker.run(SuiteRunnerWorker.java:86)
	at org.testng.TestNG.runSuitesSequentially(TestNG.java:1301)
	at org.testng.TestNG.runSuitesLocally(TestNG.java:1226)
	at org.testng.TestNG.runSuites(TestNG.java:1144)
	at org.testng.TestNG.run(TestNG.java:1115)
	at org.testng.remote.AbstractRemoteTestNG.run(AbstractRemoteTestNG.java:115)
	at org.testng.remote.RemoteTestNG.initAndRun(RemoteTestNG.java:251)
	at org.testng.remote.RemoteTestNG.main(RemoteTestNG.java:77)
]]>
            </full-stacktrace>
          </exception> <!-- java.lang.NullPointerException -->
          <reporter-output>
          </reporter-output>
        </test-method> <!-- testNullName -->
      </class> <!-- in.zapr.druid.druidry.aggregator.LongMaxAggregatorTest -->
      <class name="in.zapr.druid.druidry.filter.searchQuerySpec.RegexSearchQuerySpecTest">
        <test-method status="PASS" signature="init()[pri:0, instance:in.zapr.druid.druidry.filter.searchQuerySpec.RegexSearchQuerySpecTest@659a969b]" name="init" is-config="true" duration-ms="0" started-at="2023-02-15T14:11:12Z" finished-at="2023-02-15T14:11:12Z">
          <reporter-output>
          </reporter-output>
        </test-method> <!-- init -->
        <test-method status="PASS" signature="testAllFields()[pri:0, instance:in.zapr.druid.druidry.filter.searchQuerySpec.RegexSearchQuerySpecTest@659a969b]" name="testAllFields" duration-ms="2" started-at="2023-02-15T14:11:12Z" finished-at="2023-02-15T14:11:12Z">
          <reporter-output>
          </reporter-output>
        </test-method> <!-- testAllFields -->
        <test-method status="PASS" signature="testPatternField()[pri:0, instance:in.zapr.druid.druidry.filter.searchQuerySpec.RegexSearchQuerySpecTest@659a969b]" name="testPatternField" duration-ms="1" started-at="2023-02-15T14:11:12Z" finished-at="2023-02-15T14:11:12Z">
          <exception class="java.lang.NullPointerException">
            <message>
              <![CDATA[pattern is marked non-null but is null]]>
            </message>
            <full-stacktrace>
              <![CDATA[java.lang.NullPointerException: pattern is marked non-null but is null
	at in.zapr.druid.druidry.filter.searchQuerySpec.RegexSearchQuerySpec.<init>(RegexSearchQuerySpec.java:30)
	at in.zapr.druid.druidry.filter.searchQuerySpec.RegexSearchQuerySpec.<init>(RegexSearchQuerySpec.java:24)
	at in.zapr.druid.druidry.filter.searchQuerySpec.RegexSearchQuerySpec$RegexSearchQuerySpecBuilder.build(RegexSearchQuerySpec.java:29)
	at in.zapr.druid.druidry.filter.searchQuerySpec.RegexSearchQuerySpecTest.testPatternField(RegexSearchQuerySpecTest.java:53)
	at sun.reflect.NativeMethodAccessorImpl.invoke0(Native Method)
	at sun.reflect.NativeMethodAccessorImpl.invoke(NativeMethodAccessorImpl.java:62)
	at sun.reflect.DelegatingMethodAccessorImpl.invoke(DelegatingMethodAccessorImpl.java:43)
	at java.lang.reflect.Method.invoke(Method.java:498)
	at org.testng.internal.MethodInvocationHelper.invokeMethod(MethodInvocationHelper.java:108)
	at org.testng.internal.Invoker.invokeMethod(Invoker.java:661)
	at org.testng.internal.Invoker.invokeTestMethod(Invoker.java:869)
	at org.testng.internal.Invoker.invokeTestMethods(Invoker.java:1193)
	at org.testng.internal.TestMethodWorker.invokeTestMethods(TestMethodWorker.java:126)
	at org.testng.internal.TestMethodWorker.run(TestMethodWorker.java:109)
	at org.testng.TestRunner.privateRun(TestRunner.java:744)
	at org.testng.TestRunner.run(TestRunner.java:602)
	at org.testng.SuiteRunner.runTest(SuiteRunner.java:380)
	at org.testng.SuiteRunner.runSequentially(SuiteRunner.java:375)
	at org.testng.SuiteRunner.privateRun(SuiteRunner.java:340)
	at org.testng.SuiteRunner.run(SuiteRunner.java:289)
	at org.testng.SuiteRunnerWorker.runSuite(SuiteRunnerWorker.java:52)
	at org.testng.SuiteRunnerWorker.run(SuiteRunnerWorker.java:86)
	at org.testng.TestNG.runSuitesSequentially(TestNG.java:1301)
	at org.testng.TestNG.runSuitesLocally(TestNG.java:1226)
	at org.testng.TestNG.runSuites(TestNG.java:1144)
	at org.testng.TestNG.run(TestNG.java:1115)
	at org.testng.remote.AbstractRemoteTestNG.run(AbstractRemoteTestNG.java:115)
	at org.testng.remote.RemoteTestNG.initAndRun(RemoteTestNG.java:251)
	at org.testng.remote.RemoteTestNG.main(RemoteTestNG.java:77)
]]>
            </full-stacktrace>
          </exception> <!-- java.lang.NullPointerException -->
          <reporter-output>
          </reporter-output>
        </test-method> <!-- testPatternField -->
      </class> <!-- in.zapr.druid.druidry.filter.searchQuerySpec.RegexSearchQuerySpecTest -->
      <class name="in.zapr.druid.druidry.topNMetric.NumericMetricTest">
        <test-method status="PASS" signature="init()[pri:0, instance:in.zapr.druid.druidry.topNMetric.NumericMetricTest@76908cc0]" name="init" is-config="true" duration-ms="1" started-at="2023-02-15T14:11:12Z" finished-at="2023-02-15T14:11:12Z">
          <reporter-output>
          </reporter-output>
        </test-method> <!-- init -->
        <test-method status="PASS" signature="testAllFields()[pri:0, instance:in.zapr.druid.druidry.topNMetric.NumericMetricTest@76908cc0]" name="testAllFields" duration-ms="3" started-at="2023-02-15T14:11:12Z" finished-at="2023-02-15T14:11:12Z">
          <reporter-output>
          </reporter-output>
        </test-method> <!-- testAllFields -->
        <test-method status="PASS" signature="testEqualsNegative()[pri:0, instance:in.zapr.druid.druidry.topNMetric.NumericMetricTest@76908cc0]" name="testEqualsNegative" duration-ms="1" started-at="2023-02-15T14:11:12Z" finished-at="2023-02-15T14:11:12Z">
          <reporter-output>
          </reporter-output>
        </test-method> <!-- testEqualsNegative -->
        <test-method status="PASS" signature="testEqualsPositive()[pri:0, instance:in.zapr.druid.druidry.topNMetric.NumericMetricTest@76908cc0]" name="testEqualsPositive" duration-ms="1" started-at="2023-02-15T14:11:12Z" finished-at="2023-02-15T14:11:12Z">
          <reporter-output>
          </reporter-output>
        </test-method> <!-- testEqualsPositive -->
        <test-method status="PASS" signature="testNullField()[pri:0, instance:in.zapr.druid.druidry.topNMetric.NumericMetricTest@76908cc0]" name="testNullField" duration-ms="0" started-at="2023-02-15T14:11:12Z" finished-at="2023-02-15T14:11:12Z">
          <exception class="java.lang.NullPointerException">
            <message>
              <![CDATA[metric is marked non-null but is null]]>
            </message>
            <full-stacktrace>
              <![CDATA[java.lang.NullPointerException: metric is marked non-null but is null
	at in.zapr.druid.druidry.topNMetric.NumericMetric.<init>(NumericMetric.java:32)
	at in.zapr.druid.druidry.topNMetric.NumericMetricTest.testNullField(NumericMetricTest.java:62)
	at sun.reflect.NativeMethodAccessorImpl.invoke0(Native Method)
	at sun.reflect.NativeMethodAccessorImpl.invoke(NativeMethodAccessorImpl.java:62)
	at sun.reflect.DelegatingMethodAccessorImpl.invoke(DelegatingMethodAccessorImpl.java:43)
	at java.lang.reflect.Method.invoke(Method.java:498)
	at org.testng.internal.MethodInvocationHelper.invokeMethod(MethodInvocationHelper.java:108)
	at org.testng.internal.Invoker.invokeMethod(Invoker.java:661)
	at org.testng.internal.Invoker.invokeTestMethod(Invoker.java:869)
	at org.testng.internal.Invoker.invokeTestMethods(Invoker.java:1193)
	at org.testng.internal.TestMethodWorker.invokeTestMethods(TestMethodWorker.java:126)
	at org.testng.internal.TestMethodWorker.run(TestMethodWorker.java:109)
	at org.testng.TestRunner.privateRun(TestRunner.java:744)
	at org.testng.TestRunner.run(TestRunner.java:602)
	at org.testng.SuiteRunner.runTest(SuiteRunner.java:380)
	at org.testng.SuiteRunner.runSequentially(SuiteRunner.java:375)
	at org.testng.SuiteRunner.privateRun(SuiteRunner.java:340)
	at org.testng.SuiteRunner.run(SuiteRunner.java:289)
	at org.testng.SuiteRunnerWorker.runSuite(SuiteRunnerWorker.java:52)
	at org.testng.SuiteRunnerWorker.run(SuiteRunnerWorker.java:86)
	at org.testng.TestNG.runSuitesSequentially(TestNG.java:1301)
	at org.testng.TestNG.runSuitesLocally(TestNG.java:1226)
	at org.testng.TestNG.runSuites(TestNG.java:1144)
	at org.testng.TestNG.run(TestNG.java:1115)
	at org.testng.remote.AbstractRemoteTestNG.run(AbstractRemoteTestNG.java:115)
	at org.testng.remote.RemoteTestNG.initAndRun(RemoteTestNG.java:251)
	at org.testng.remote.RemoteTestNG.main(RemoteTestNG.java:77)
]]>
            </full-stacktrace>
          </exception> <!-- java.lang.NullPointerException -->
          <reporter-output>
          </reporter-output>
        </test-method> <!-- testNullField -->
      </class> <!-- in.zapr.druid.druidry.topNMetric.NumericMetricTest -->
      <class name="in.zapr.druid.druidry.extensions.datasketches.postAggregator.TupleSketchToQuantilesSketchPostAggregatorTest">
        <test-method status="PASS" signature="init()[pri:0, instance:in.zapr.druid.druidry.extensions.datasketches.postAggregator.TupleSketchToQuantilesSketchPostAggregatorTest@2473d930]" name="init" is-config="true" duration-ms="0" started-at="2023-02-15T14:11:12Z" finished-at="2023-02-15T14:11:12Z">
          <reporter-output>
          </reporter-output>
        </test-method> <!-- init -->
        <test-method status="PASS" signature="testAllFields()[pri:0, instance:in.zapr.druid.druidry.extensions.datasketches.postAggregator.TupleSketchToQuantilesSketchPostAggregatorTest@2473d930]" name="testAllFields" duration-ms="5" started-at="2023-02-15T14:11:12Z" finished-at="2023-02-15T14:11:12Z">
          <reporter-output>
          </reporter-output>
        </test-method> <!-- testAllFields -->
        <test-method status="PASS" signature="testNullField()[pri:0, instance:in.zapr.druid.druidry.extensions.datasketches.postAggregator.TupleSketchToQuantilesSketchPostAggregatorTest@2473d930]" name="testNullField" duration-ms="1" started-at="2023-02-15T14:11:12Z" finished-at="2023-02-15T14:11:12Z">
          <exception class="java.lang.NullPointerException">
            <message>
              <![CDATA[field is marked non-null but is null]]>
            </message>
            <full-stacktrace>
              <![CDATA[java.lang.NullPointerException: field is marked non-null but is null
	at in.zapr.druid.druidry.extensions.datasketches.postAggregator.TupleSketchToQuantilesSketchPostAggregator.<init>(TupleSketchToQuantilesSketchPostAggregator.java:39)
	at in.zapr.druid.druidry.extensions.datasketches.postAggregator.TupleSketchToQuantilesSketchPostAggregator.<init>(TupleSketchToQuantilesSketchPostAggregator.java:30)
	at in.zapr.druid.druidry.extensions.datasketches.postAggregator.TupleSketchToQuantilesSketchPostAggregator$TupleSketchToQuantilesSketchPostAggregatorBuilder.build(TupleSketchToQuantilesSketchPostAggregator.java:37)
	at in.zapr.druid.druidry.extensions.datasketches.postAggregator.TupleSketchToQuantilesSketchPostAggregatorTest.testNullField(TupleSketchToQuantilesSketchPostAggregatorTest.java:112)
	at sun.reflect.NativeMethodAccessorImpl.invoke0(Native Method)
	at sun.reflect.NativeMethodAccessorImpl.invoke(NativeMethodAccessorImpl.java:62)
	at sun.reflect.DelegatingMethodAccessorImpl.invoke(DelegatingMethodAccessorImpl.java:43)
	at java.lang.reflect.Method.invoke(Method.java:498)
	at org.testng.internal.MethodInvocationHelper.invokeMethod(MethodInvocationHelper.java:108)
	at org.testng.internal.Invoker.invokeMethod(Invoker.java:661)
	at org.testng.internal.Invoker.invokeTestMethod(Invoker.java:869)
	at org.testng.internal.Invoker.invokeTestMethods(Invoker.java:1193)
	at org.testng.internal.TestMethodWorker.invokeTestMethods(TestMethodWorker.java:126)
	at org.testng.internal.TestMethodWorker.run(TestMethodWorker.java:109)
	at org.testng.TestRunner.privateRun(TestRunner.java:744)
	at org.testng.TestRunner.run(TestRunner.java:602)
	at org.testng.SuiteRunner.runTest(SuiteRunner.java:380)
	at org.testng.SuiteRunner.runSequentially(SuiteRunner.java:375)
	at org.testng.SuiteRunner.privateRun(SuiteRunner.java:340)
	at org.testng.SuiteRunner.run(SuiteRunner.java:289)
	at org.testng.SuiteRunnerWorker.runSuite(SuiteRunnerWorker.java:52)
	at org.testng.SuiteRunnerWorker.run(SuiteRunnerWorker.java:86)
	at org.testng.TestNG.runSuitesSequentially(TestNG.java:1301)
	at org.testng.TestNG.runSuitesLocally(TestNG.java:1226)
	at org.testng.TestNG.runSuites(TestNG.java:1144)
	at org.testng.TestNG.run(TestNG.java:1115)
	at org.testng.remote.AbstractRemoteTestNG.run(AbstractRemoteTestNG.java:115)
	at org.testng.remote.RemoteTestNG.initAndRun(RemoteTestNG.java:251)
	at org.testng.remote.RemoteTestNG.main(RemoteTestNG.java:77)
]]>
            </full-stacktrace>
          </exception> <!-- java.lang.NullPointerException -->
          <reporter-output>
          </reporter-output>
        </test-method> <!-- testNullField -->
        <test-method status="PASS" signature="testNullName()[pri:0, instance:in.zapr.druid.druidry.extensions.datasketches.postAggregator.TupleSketchToQuantilesSketchPostAggregatorTest@2473d930]" name="testNullName" duration-ms="0" started-at="2023-02-15T14:11:12Z" finished-at="2023-02-15T14:11:12Z">
          <exception class="java.lang.NullPointerException">
            <message>
              <![CDATA[name is marked non-null but is null]]>
            </message>
            <full-stacktrace>
              <![CDATA[java.lang.NullPointerException: name is marked non-null but is null
	at in.zapr.druid.druidry.extensions.datasketches.postAggregator.TupleSketchToQuantilesSketchPostAggregator.<init>(TupleSketchToQuantilesSketchPostAggregator.java:38)
	at in.zapr.druid.druidry.extensions.datasketches.postAggregator.TupleSketchToQuantilesSketchPostAggregator.<init>(TupleSketchToQuantilesSketchPostAggregator.java:30)
	at in.zapr.druid.druidry.extensions.datasketches.postAggregator.TupleSketchToQuantilesSketchPostAggregator$TupleSketchToQuantilesSketchPostAggregatorBuilder.build(TupleSketchToQuantilesSketchPostAggregator.java:37)
	at in.zapr.druid.druidry.extensions.datasketches.postAggregator.TupleSketchToQuantilesSketchPostAggregatorTest.testNullName(TupleSketchToQuantilesSketchPostAggregatorTest.java:103)
	at sun.reflect.NativeMethodAccessorImpl.invoke0(Native Method)
	at sun.reflect.NativeMethodAccessorImpl.invoke(NativeMethodAccessorImpl.java:62)
	at sun.reflect.DelegatingMethodAccessorImpl.invoke(DelegatingMethodAccessorImpl.java:43)
	at java.lang.reflect.Method.invoke(Method.java:498)
	at org.testng.internal.MethodInvocationHelper.invokeMethod(MethodInvocationHelper.java:108)
	at org.testng.internal.Invoker.invokeMethod(Invoker.java:661)
	at org.testng.internal.Invoker.invokeTestMethod(Invoker.java:869)
	at org.testng.internal.Invoker.invokeTestMethods(Invoker.java:1193)
	at org.testng.internal.TestMethodWorker.invokeTestMethods(TestMethodWorker.java:126)
	at org.testng.internal.TestMethodWorker.run(TestMethodWorker.java:109)
	at org.testng.TestRunner.privateRun(TestRunner.java:744)
	at org.testng.TestRunner.run(TestRunner.java:602)
	at org.testng.SuiteRunner.runTest(SuiteRunner.java:380)
	at org.testng.SuiteRunner.runSequentially(SuiteRunner.java:375)
	at org.testng.SuiteRunner.privateRun(SuiteRunner.java:340)
	at org.testng.SuiteRunner.run(SuiteRunner.java:289)
	at org.testng.SuiteRunnerWorker.runSuite(SuiteRunnerWorker.java:52)
	at org.testng.SuiteRunnerWorker.run(SuiteRunnerWorker.java:86)
	at org.testng.TestNG.runSuitesSequentially(TestNG.java:1301)
	at org.testng.TestNG.runSuitesLocally(TestNG.java:1226)
	at org.testng.TestNG.runSuites(TestNG.java:1144)
	at org.testng.TestNG.run(TestNG.java:1115)
	at org.testng.remote.AbstractRemoteTestNG.run(AbstractRemoteTestNG.java:115)
	at org.testng.remote.RemoteTestNG.initAndRun(RemoteTestNG.java:251)
	at org.testng.remote.RemoteTestNG.main(RemoteTestNG.java:77)
]]>
            </full-stacktrace>
          </exception> <!-- java.lang.NullPointerException -->
          <reporter-output>
          </reporter-output>
        </test-method> <!-- testNullName -->
        <test-method status="PASS" signature="testRequiredFields()[pri:0, instance:in.zapr.druid.druidry.extensions.datasketches.postAggregator.TupleSketchToQuantilesSketchPostAggregatorTest@2473d930]" name="testRequiredFields" duration-ms="1" started-at="2023-02-15T14:11:12Z" finished-at="2023-02-15T14:11:12Z">
          <reporter-output>
          </reporter-output>
        </test-method> <!-- testRequiredFields -->
      </class> <!-- in.zapr.druid.druidry.extensions.datasketches.postAggregator.TupleSketchToQuantilesSketchPostAggregatorTest -->
      <class name="in.zapr.druid.druidry.limitSpec.DefaultLimitSpecTest">
        <test-method status="PASS" signature="init()[pri:0, instance:in.zapr.druid.druidry.limitSpec.DefaultLimitSpecTest@35047d03]" name="init" is-config="true" duration-ms="0" started-at="2023-02-15T14:11:12Z" finished-at="2023-02-15T14:11:12Z">
          <reporter-output>
          </reporter-output>
        </test-method> <!-- init -->
        <test-method status="PASS" signature="testDefaultLimitSpecWithColumnName()[pri:0, instance:in.zapr.druid.druidry.limitSpec.DefaultLimitSpecTest@35047d03]" name="testDefaultLimitSpecWithColumnName" duration-ms="8" started-at="2023-02-15T14:11:12Z" finished-at="2023-02-15T14:11:12Z">
          <reporter-output>
          </reporter-output>
        </test-method> <!-- testDefaultLimitSpecWithColumnName -->
        <test-method status="PASS" signature="testDefaultLimitSpecWithColumnSpecMap()[pri:0, instance:in.zapr.druid.druidry.limitSpec.DefaultLimitSpecTest@35047d03]" name="testDefaultLimitSpecWithColumnSpecMap" duration-ms="3" started-at="2023-02-15T14:11:12Z" finished-at="2023-02-15T14:11:12Z">
          <reporter-output>
          </reporter-output>
        </test-method> <!-- testDefaultLimitSpecWithColumnSpecMap -->
      </class> <!-- in.zapr.druid.druidry.limitSpec.DefaultLimitSpecTest -->
      <class name="in.zapr.druid.druidry.extensions.datasketches.postAggregator.TupleSketchToEstimatePostAggregatorTest">
        <test-method status="PASS" signature="init()[pri:0, instance:in.zapr.druid.druidry.extensions.datasketches.postAggregator.TupleSketchToEstimatePostAggregatorTest@49b0b76]" name="init" is-config="true" duration-ms="1" started-at="2023-02-15T14:11:12Z" finished-at="2023-02-15T14:11:12Z">
          <reporter-output>
          </reporter-output>
        </test-method> <!-- init -->
        <test-method status="PASS" signature="testAllFields()[pri:0, instance:in.zapr.druid.druidry.extensions.datasketches.postAggregator.TupleSketchToEstimatePostAggregatorTest@49b0b76]" name="testAllFields" duration-ms="6" started-at="2023-02-15T14:11:12Z" finished-at="2023-02-15T14:11:12Z">
          <reporter-output>
          </reporter-output>
        </test-method> <!-- testAllFields -->
        <test-method status="PASS" signature="testNullField()[pri:0, instance:in.zapr.druid.druidry.extensions.datasketches.postAggregator.TupleSketchToEstimatePostAggregatorTest@49b0b76]" name="testNullField" duration-ms="1" started-at="2023-02-15T14:11:12Z" finished-at="2023-02-15T14:11:12Z">
          <exception class="java.lang.NullPointerException">
            <message>
              <![CDATA[field is marked non-null but is null]]>
            </message>
            <full-stacktrace>
              <![CDATA[java.lang.NullPointerException: field is marked non-null but is null
	at in.zapr.druid.druidry.extensions.datasketches.postAggregator.TupleSketchToEstimatePostAggregator.<init>(TupleSketchToEstimatePostAggregator.java:37)
	at in.zapr.druid.druidry.extensions.datasketches.postAggregator.TupleSketchToEstimatePostAggregator.<init>(TupleSketchToEstimatePostAggregator.java:30)
	at in.zapr.druid.druidry.extensions.datasketches.postAggregator.TupleSketchToEstimatePostAggregator$TupleSketchToEstimatePostAggregatorBuilder.build(TupleSketchToEstimatePostAggregator.java:35)
	at in.zapr.druid.druidry.extensions.datasketches.postAggregator.TupleSketchToEstimatePostAggregatorTest.testNullField(TupleSketchToEstimatePostAggregatorTest.java:91)
	at sun.reflect.NativeMethodAccessorImpl.invoke0(Native Method)
	at sun.reflect.NativeMethodAccessorImpl.invoke(NativeMethodAccessorImpl.java:62)
	at sun.reflect.DelegatingMethodAccessorImpl.invoke(DelegatingMethodAccessorImpl.java:43)
	at java.lang.reflect.Method.invoke(Method.java:498)
	at org.testng.internal.MethodInvocationHelper.invokeMethod(MethodInvocationHelper.java:108)
	at org.testng.internal.Invoker.invokeMethod(Invoker.java:661)
	at org.testng.internal.Invoker.invokeTestMethod(Invoker.java:869)
	at org.testng.internal.Invoker.invokeTestMethods(Invoker.java:1193)
	at org.testng.internal.TestMethodWorker.invokeTestMethods(TestMethodWorker.java:126)
	at org.testng.internal.TestMethodWorker.run(TestMethodWorker.java:109)
	at org.testng.TestRunner.privateRun(TestRunner.java:744)
	at org.testng.TestRunner.run(TestRunner.java:602)
	at org.testng.SuiteRunner.runTest(SuiteRunner.java:380)
	at org.testng.SuiteRunner.runSequentially(SuiteRunner.java:375)
	at org.testng.SuiteRunner.privateRun(SuiteRunner.java:340)
	at org.testng.SuiteRunner.run(SuiteRunner.java:289)
	at org.testng.SuiteRunnerWorker.runSuite(SuiteRunnerWorker.java:52)
	at org.testng.SuiteRunnerWorker.run(SuiteRunnerWorker.java:86)
	at org.testng.TestNG.runSuitesSequentially(TestNG.java:1301)
	at org.testng.TestNG.runSuitesLocally(TestNG.java:1226)
	at org.testng.TestNG.runSuites(TestNG.java:1144)
	at org.testng.TestNG.run(TestNG.java:1115)
	at org.testng.remote.AbstractRemoteTestNG.run(AbstractRemoteTestNG.java:115)
	at org.testng.remote.RemoteTestNG.initAndRun(RemoteTestNG.java:251)
	at org.testng.remote.RemoteTestNG.main(RemoteTestNG.java:77)
]]>
            </full-stacktrace>
          </exception> <!-- java.lang.NullPointerException -->
          <reporter-output>
          </reporter-output>
        </test-method> <!-- testNullField -->
        <test-method status="PASS" signature="testNullName()[pri:0, instance:in.zapr.druid.druidry.extensions.datasketches.postAggregator.TupleSketchToEstimatePostAggregatorTest@49b0b76]" name="testNullName" duration-ms="0" started-at="2023-02-15T14:11:12Z" finished-at="2023-02-15T14:11:12Z">
          <exception class="java.lang.NullPointerException">
            <message>
              <![CDATA[name is marked non-null but is null]]>
            </message>
            <full-stacktrace>
              <![CDATA[java.lang.NullPointerException: name is marked non-null but is null
	at in.zapr.druid.druidry.extensions.datasketches.postAggregator.TupleSketchToEstimatePostAggregator.<init>(TupleSketchToEstimatePostAggregator.java:36)
	at in.zapr.druid.druidry.extensions.datasketches.postAggregator.TupleSketchToEstimatePostAggregator.<init>(TupleSketchToEstimatePostAggregator.java:30)
	at in.zapr.druid.druidry.extensions.datasketches.postAggregator.TupleSketchToEstimatePostAggregator$TupleSketchToEstimatePostAggregatorBuilder.build(TupleSketchToEstimatePostAggregator.java:35)
	at in.zapr.druid.druidry.extensions.datasketches.postAggregator.TupleSketchToEstimatePostAggregatorTest.testNullName(TupleSketchToEstimatePostAggregatorTest.java:82)
	at sun.reflect.NativeMethodAccessorImpl.invoke0(Native Method)
	at sun.reflect.NativeMethodAccessorImpl.invoke(NativeMethodAccessorImpl.java:62)
	at sun.reflect.DelegatingMethodAccessorImpl.invoke(DelegatingMethodAccessorImpl.java:43)
	at java.lang.reflect.Method.invoke(Method.java:498)
	at org.testng.internal.MethodInvocationHelper.invokeMethod(MethodInvocationHelper.java:108)
	at org.testng.internal.Invoker.invokeMethod(Invoker.java:661)
	at org.testng.internal.Invoker.invokeTestMethod(Invoker.java:869)
	at org.testng.internal.Invoker.invokeTestMethods(Invoker.java:1193)
	at org.testng.internal.TestMethodWorker.invokeTestMethods(TestMethodWorker.java:126)
	at org.testng.internal.TestMethodWorker.run(TestMethodWorker.java:109)
	at org.testng.TestRunner.privateRun(TestRunner.java:744)
	at org.testng.TestRunner.run(TestRunner.java:602)
	at org.testng.SuiteRunner.runTest(SuiteRunner.java:380)
	at org.testng.SuiteRunner.runSequentially(SuiteRunner.java:375)
	at org.testng.SuiteRunner.privateRun(SuiteRunner.java:340)
	at org.testng.SuiteRunner.run(SuiteRunner.java:289)
	at org.testng.SuiteRunnerWorker.runSuite(SuiteRunnerWorker.java:52)
	at org.testng.SuiteRunnerWorker.run(SuiteRunnerWorker.java:86)
	at org.testng.TestNG.runSuitesSequentially(TestNG.java:1301)
	at org.testng.TestNG.runSuitesLocally(TestNG.java:1226)
	at org.testng.TestNG.runSuites(TestNG.java:1144)
	at org.testng.TestNG.run(TestNG.java:1115)
	at org.testng.remote.AbstractRemoteTestNG.run(AbstractRemoteTestNG.java:115)
	at org.testng.remote.RemoteTestNG.initAndRun(RemoteTestNG.java:251)
	at org.testng.remote.RemoteTestNG.main(RemoteTestNG.java:77)
]]>
            </full-stacktrace>
          </exception> <!-- java.lang.NullPointerException -->
          <reporter-output>
          </reporter-output>
        </test-method> <!-- testNullName -->
      </class> <!-- in.zapr.druid.druidry.extensions.datasketches.postAggregator.TupleSketchToEstimatePostAggregatorTest -->
      <class name="in.zapr.druid.druidry.extractionFunctions.SubStringExtractionFunctionTest">
        <test-method status="PASS" signature="init()[pri:0, instance:in.zapr.druid.druidry.extractionFunctions.SubStringExtractionFunctionTest@769f71a9]" name="init" is-config="true" duration-ms="0" started-at="2023-02-15T14:11:12Z" finished-at="2023-02-15T14:11:12Z">
          <reporter-output>
          </reporter-output>
        </test-method> <!-- init -->
        <test-method status="PASS" signature="testAllFields()[pri:0, instance:in.zapr.druid.druidry.extractionFunctions.SubStringExtractionFunctionTest@769f71a9]" name="testAllFields" duration-ms="4" started-at="2023-02-15T14:11:12Z" finished-at="2023-02-15T14:11:12Z">
          <reporter-output>
          </reporter-output>
        </test-method> <!-- testAllFields -->
        <test-method status="PASS" signature="testIndexField()[pri:0, instance:in.zapr.druid.druidry.extractionFunctions.SubStringExtractionFunctionTest@769f71a9]" name="testIndexField" duration-ms="3" started-at="2023-02-15T14:11:12Z" finished-at="2023-02-15T14:11:12Z">
          <exception class="java.lang.NullPointerException">
            <message>
              <![CDATA[index is marked non-null but is null]]>
            </message>
            <full-stacktrace>
              <![CDATA[java.lang.NullPointerException: index is marked non-null but is null
	at in.zapr.druid.druidry.extractionFunctions.SubStringExtractionFunction.<init>(SubStringExtractionFunction.java:32)
	at in.zapr.druid.druidry.extractionFunctions.SubStringExtractionFunction.<init>(SubStringExtractionFunction.java:27)
	at in.zapr.druid.druidry.extractionFunctions.SubStringExtractionFunction$SubStringExtractionFunctionBuilder.build(SubStringExtractionFunction.java:31)
	at in.zapr.druid.druidry.extractionFunctions.SubStringExtractionFunctionTest.testIndexField(SubStringExtractionFunctionTest.java:65)
	at sun.reflect.NativeMethodAccessorImpl.invoke0(Native Method)
	at sun.reflect.NativeMethodAccessorImpl.invoke(NativeMethodAccessorImpl.java:62)
	at sun.reflect.DelegatingMethodAccessorImpl.invoke(DelegatingMethodAccessorImpl.java:43)
	at java.lang.reflect.Method.invoke(Method.java:498)
	at org.testng.internal.MethodInvocationHelper.invokeMethod(MethodInvocationHelper.java:108)
	at org.testng.internal.Invoker.invokeMethod(Invoker.java:661)
	at org.testng.internal.Invoker.invokeTestMethod(Invoker.java:869)
	at org.testng.internal.Invoker.invokeTestMethods(Invoker.java:1193)
	at org.testng.internal.TestMethodWorker.invokeTestMethods(TestMethodWorker.java:126)
	at org.testng.internal.TestMethodWorker.run(TestMethodWorker.java:109)
	at org.testng.TestRunner.privateRun(TestRunner.java:744)
	at org.testng.TestRunner.run(TestRunner.java:602)
	at org.testng.SuiteRunner.runTest(SuiteRunner.java:380)
	at org.testng.SuiteRunner.runSequentially(SuiteRunner.java:375)
	at org.testng.SuiteRunner.privateRun(SuiteRunner.java:340)
	at org.testng.SuiteRunner.run(SuiteRunner.java:289)
	at org.testng.SuiteRunnerWorker.runSuite(SuiteRunnerWorker.java:52)
	at org.testng.SuiteRunnerWorker.run(SuiteRunnerWorker.java:86)
	at org.testng.TestNG.runSuitesSequentially(TestNG.java:1301)
	at org.testng.TestNG.runSuitesLocally(TestNG.java:1226)
	at org.testng.TestNG.runSuites(TestNG.java:1144)
	at org.testng.TestNG.run(TestNG.java:1115)
	at org.testng.remote.AbstractRemoteTestNG.run(AbstractRemoteTestNG.java:115)
	at org.testng.remote.RemoteTestNG.initAndRun(RemoteTestNG.java:251)
	at org.testng.remote.RemoteTestNG.main(RemoteTestNG.java:77)
]]>
            </full-stacktrace>
          </exception> <!-- java.lang.NullPointerException -->
          <reporter-output>
          </reporter-output>
        </test-method> <!-- testIndexField -->
        <test-method status="PASS" signature="testRequiredValues()[pri:0, instance:in.zapr.druid.druidry.extractionFunctions.SubStringExtractionFunctionTest@769f71a9]" name="testRequiredValues" duration-ms="1" started-at="2023-02-15T14:11:12Z" finished-at="2023-02-15T14:11:12Z">
          <reporter-output>
          </reporter-output>
        </test-method> <!-- testRequiredValues -->
      </class> <!-- in.zapr.druid.druidry.extractionFunctions.SubStringExtractionFunctionTest -->
      <class name="in.zapr.druid.druidry.extractionFunctions.RegexExtractionFunctionTest">
        <test-method status="PASS" signature="init()[pri:0, instance:in.zapr.druid.druidry.extractionFunctions.RegexExtractionFunctionTest@4c9f8c13]" name="init" is-config="true" duration-ms="0" started-at="2023-02-15T14:11:12Z" finished-at="2023-02-15T14:11:12Z">
          <reporter-output>
          </reporter-output>
        </test-method> <!-- init -->
        <test-method status="PASS" signature="testAllFields()[pri:0, instance:in.zapr.druid.druidry.extractionFunctions.RegexExtractionFunctionTest@4c9f8c13]" name="testAllFields" duration-ms="4" started-at="2023-02-15T14:11:12Z" finished-at="2023-02-15T14:11:12Z">
          <reporter-output>
          </reporter-output>
        </test-method> <!-- testAllFields -->
        <test-method status="PASS" signature="testExprField()[pri:0, instance:in.zapr.druid.druidry.extractionFunctions.RegexExtractionFunctionTest@4c9f8c13]" name="testExprField" duration-ms="0" started-at="2023-02-15T14:11:12Z" finished-at="2023-02-15T14:11:12Z">
          <exception class="java.lang.NullPointerException">
            <message>
              <![CDATA[expr is marked non-null but is null]]>
            </message>
            <full-stacktrace>
              <![CDATA[java.lang.NullPointerException: expr is marked non-null but is null
	at in.zapr.druid.druidry.extractionFunctions.RegexExtractionFunction.<init>(RegexExtractionFunction.java:35)
	at in.zapr.druid.druidry.extractionFunctions.RegexExtractionFunction.<init>(RegexExtractionFunction.java:27)
	at in.zapr.druid.druidry.extractionFunctions.RegexExtractionFunction$RegexExtractionFunctionBuilder.build(RegexExtractionFunction.java:34)
	at in.zapr.druid.druidry.extractionFunctions.RegexExtractionFunctionTest.testExprField(RegexExtractionFunctionTest.java:67)
	at sun.reflect.NativeMethodAccessorImpl.invoke0(Native Method)
	at sun.reflect.NativeMethodAccessorImpl.invoke(NativeMethodAccessorImpl.java:62)
	at sun.reflect.DelegatingMethodAccessorImpl.invoke(DelegatingMethodAccessorImpl.java:43)
	at java.lang.reflect.Method.invoke(Method.java:498)
	at org.testng.internal.MethodInvocationHelper.invokeMethod(MethodInvocationHelper.java:108)
	at org.testng.internal.Invoker.invokeMethod(Invoker.java:661)
	at org.testng.internal.Invoker.invokeTestMethod(Invoker.java:869)
	at org.testng.internal.Invoker.invokeTestMethods(Invoker.java:1193)
	at org.testng.internal.TestMethodWorker.invokeTestMethods(TestMethodWorker.java:126)
	at org.testng.internal.TestMethodWorker.run(TestMethodWorker.java:109)
	at org.testng.TestRunner.privateRun(TestRunner.java:744)
	at org.testng.TestRunner.run(TestRunner.java:602)
	at org.testng.SuiteRunner.runTest(SuiteRunner.java:380)
	at org.testng.SuiteRunner.runSequentially(SuiteRunner.java:375)
	at org.testng.SuiteRunner.privateRun(SuiteRunner.java:340)
	at org.testng.SuiteRunner.run(SuiteRunner.java:289)
	at org.testng.SuiteRunnerWorker.runSuite(SuiteRunnerWorker.java:52)
	at org.testng.SuiteRunnerWorker.run(SuiteRunnerWorker.java:86)
	at org.testng.TestNG.runSuitesSequentially(TestNG.java:1301)
	at org.testng.TestNG.runSuitesLocally(TestNG.java:1226)
	at org.testng.TestNG.runSuites(TestNG.java:1144)
	at org.testng.TestNG.run(TestNG.java:1115)
	at org.testng.remote.AbstractRemoteTestNG.run(AbstractRemoteTestNG.java:115)
	at org.testng.remote.RemoteTestNG.initAndRun(RemoteTestNG.java:251)
	at org.testng.remote.RemoteTestNG.main(RemoteTestNG.java:77)
]]>
            </full-stacktrace>
          </exception> <!-- java.lang.NullPointerException -->
          <reporter-output>
          </reporter-output>
        </test-method> <!-- testExprField -->
        <test-method status="PASS" signature="testRequiredValues()[pri:0, instance:in.zapr.druid.druidry.extractionFunctions.RegexExtractionFunctionTest@4c9f8c13]" name="testRequiredValues" duration-ms="0" started-at="2023-02-15T14:11:12Z" finished-at="2023-02-15T14:11:12Z">
          <reporter-output>
          </reporter-output>
        </test-method> <!-- testRequiredValues -->
      </class> <!-- in.zapr.druid.druidry.extractionFunctions.RegexExtractionFunctionTest -->
      <class name="in.zapr.druid.druidry.postAggregator.ConstantPostAggregatorTest">
        <test-method status="PASS" signature="init()[pri:0, instance:in.zapr.druid.druidry.postAggregator.ConstantPostAggregatorTest@5ae50ce6]" name="init" is-config="true" duration-ms="0" started-at="2023-02-15T14:11:12Z" finished-at="2023-02-15T14:11:12Z">
          <reporter-output>
          </reporter-output>
        </test-method> <!-- init -->
        <test-method status="PASS" signature="testConstantPostAggregatorAllFields()[pri:0, instance:in.zapr.druid.druidry.postAggregator.ConstantPostAggregatorTest@5ae50ce6]" name="testConstantPostAggregatorAllFields" duration-ms="2" started-at="2023-02-15T14:11:12Z" finished-at="2023-02-15T14:11:12Z">
          <reporter-output>
          </reporter-output>
        </test-method> <!-- testConstantPostAggregatorAllFields -->
        <test-method status="PASS" signature="testEqualsNegative()[pri:0, instance:in.zapr.druid.druidry.postAggregator.ConstantPostAggregatorTest@5ae50ce6]" name="testEqualsNegative" duration-ms="0" started-at="2023-02-15T14:11:12Z" finished-at="2023-02-15T14:11:12Z">
          <reporter-output>
          </reporter-output>
        </test-method> <!-- testEqualsNegative -->
        <test-method status="PASS" signature="testEqualsPositive()[pri:0, instance:in.zapr.druid.druidry.postAggregator.ConstantPostAggregatorTest@5ae50ce6]" name="testEqualsPositive" duration-ms="0" started-at="2023-02-15T14:11:12Z" finished-at="2023-02-15T14:11:12Z">
          <reporter-output>
          </reporter-output>
        </test-method> <!-- testEqualsPositive -->
        <test-method status="PASS" signature="testEqualsWithAnotherSubClass()[pri:0, instance:in.zapr.druid.druidry.postAggregator.ConstantPostAggregatorTest@5ae50ce6]" name="testEqualsWithAnotherSubClass" duration-ms="1" started-at="2023-02-15T14:11:12Z" finished-at="2023-02-15T14:11:12Z">
          <reporter-output>
          </reporter-output>
        </test-method> <!-- testEqualsWithAnotherSubClass -->
        <test-method status="PASS" signature="testNullName()[pri:0, instance:in.zapr.druid.druidry.postAggregator.ConstantPostAggregatorTest@5ae50ce6]" name="testNullName" duration-ms="0" started-at="2023-02-15T14:11:12Z" finished-at="2023-02-15T14:11:12Z">
          <exception class="java.lang.NullPointerException">
            <message>
              <![CDATA[name is marked non-null but is null]]>
            </message>
            <full-stacktrace>
              <![CDATA[java.lang.NullPointerException: name is marked non-null but is null
	at in.zapr.druid.druidry.postAggregator.ConstantPostAggregator.<init>(ConstantPostAggregator.java:31)
	at in.zapr.druid.druidry.postAggregator.ConstantPostAggregatorTest.testNullName(ConstantPostAggregatorTest.java:59)
	at sun.reflect.NativeMethodAccessorImpl.invoke0(Native Method)
	at sun.reflect.NativeMethodAccessorImpl.invoke(NativeMethodAccessorImpl.java:62)
	at sun.reflect.DelegatingMethodAccessorImpl.invoke(DelegatingMethodAccessorImpl.java:43)
	at java.lang.reflect.Method.invoke(Method.java:498)
	at org.testng.internal.MethodInvocationHelper.invokeMethod(MethodInvocationHelper.java:108)
	at org.testng.internal.Invoker.invokeMethod(Invoker.java:661)
	at org.testng.internal.Invoker.invokeTestMethod(Invoker.java:869)
	at org.testng.internal.Invoker.invokeTestMethods(Invoker.java:1193)
	at org.testng.internal.TestMethodWorker.invokeTestMethods(TestMethodWorker.java:126)
	at org.testng.internal.TestMethodWorker.run(TestMethodWorker.java:109)
	at org.testng.TestRunner.privateRun(TestRunner.java:744)
	at org.testng.TestRunner.run(TestRunner.java:602)
	at org.testng.SuiteRunner.runTest(SuiteRunner.java:380)
	at org.testng.SuiteRunner.runSequentially(SuiteRunner.java:375)
	at org.testng.SuiteRunner.privateRun(SuiteRunner.java:340)
	at org.testng.SuiteRunner.run(SuiteRunner.java:289)
	at org.testng.SuiteRunnerWorker.runSuite(SuiteRunnerWorker.java:52)
	at org.testng.SuiteRunnerWorker.run(SuiteRunnerWorker.java:86)
	at org.testng.TestNG.runSuitesSequentially(TestNG.java:1301)
	at org.testng.TestNG.runSuitesLocally(TestNG.java:1226)
	at org.testng.TestNG.runSuites(TestNG.java:1144)
	at org.testng.TestNG.run(TestNG.java:1115)
	at org.testng.remote.AbstractRemoteTestNG.run(AbstractRemoteTestNG.java:115)
	at org.testng.remote.RemoteTestNG.initAndRun(RemoteTestNG.java:251)
	at org.testng.remote.RemoteTestNG.main(RemoteTestNG.java:77)
]]>
            </full-stacktrace>
          </exception> <!-- java.lang.NullPointerException -->
          <reporter-output>
          </reporter-output>
        </test-method> <!-- testNullName -->
        <test-method status="PASS" signature="testNullValue()[pri:0, instance:in.zapr.druid.druidry.postAggregator.ConstantPostAggregatorTest@5ae50ce6]" name="testNullValue" duration-ms="0" started-at="2023-02-15T14:11:12Z" finished-at="2023-02-15T14:11:12Z">
          <exception class="java.lang.NullPointerException">
            <message>
              <![CDATA[value is marked non-null but is null]]>
            </message>
            <full-stacktrace>
              <![CDATA[java.lang.NullPointerException: value is marked non-null but is null
	at in.zapr.druid.druidry.postAggregator.ConstantPostAggregator.<init>(ConstantPostAggregator.java:31)
	at in.zapr.druid.druidry.postAggregator.ConstantPostAggregatorTest.testNullValue(ConstantPostAggregatorTest.java:65)
	at sun.reflect.NativeMethodAccessorImpl.invoke0(Native Method)
	at sun.reflect.NativeMethodAccessorImpl.invoke(NativeMethodAccessorImpl.java:62)
	at sun.reflect.DelegatingMethodAccessorImpl.invoke(DelegatingMethodAccessorImpl.java:43)
	at java.lang.reflect.Method.invoke(Method.java:498)
	at org.testng.internal.MethodInvocationHelper.invokeMethod(MethodInvocationHelper.java:108)
	at org.testng.internal.Invoker.invokeMethod(Invoker.java:661)
	at org.testng.internal.Invoker.invokeTestMethod(Invoker.java:869)
	at org.testng.internal.Invoker.invokeTestMethods(Invoker.java:1193)
	at org.testng.internal.TestMethodWorker.invokeTestMethods(TestMethodWorker.java:126)
	at org.testng.internal.TestMethodWorker.run(TestMethodWorker.java:109)
	at org.testng.TestRunner.privateRun(TestRunner.java:744)
	at org.testng.TestRunner.run(TestRunner.java:602)
	at org.testng.SuiteRunner.runTest(SuiteRunner.java:380)
	at org.testng.SuiteRunner.runSequentially(SuiteRunner.java:375)
	at org.testng.SuiteRunner.privateRun(SuiteRunner.java:340)
	at org.testng.SuiteRunner.run(SuiteRunner.java:289)
	at org.testng.SuiteRunnerWorker.runSuite(SuiteRunnerWorker.java:52)
	at org.testng.SuiteRunnerWorker.run(SuiteRunnerWorker.java:86)
	at org.testng.TestNG.runSuitesSequentially(TestNG.java:1301)
	at org.testng.TestNG.runSuitesLocally(TestNG.java:1226)
	at org.testng.TestNG.runSuites(TestNG.java:1144)
	at org.testng.TestNG.run(TestNG.java:1115)
	at org.testng.remote.AbstractRemoteTestNG.run(AbstractRemoteTestNG.java:115)
	at org.testng.remote.RemoteTestNG.initAndRun(RemoteTestNG.java:251)
	at org.testng.remote.RemoteTestNG.main(RemoteTestNG.java:77)
]]>
            </full-stacktrace>
          </exception> <!-- java.lang.NullPointerException -->
          <reporter-output>
          </reporter-output>
        </test-method> <!-- testNullValue -->
      </class> <!-- in.zapr.druid.druidry.postAggregator.ConstantPostAggregatorTest -->
      <class name="in.zapr.druid.druidry.extensions.datasketches.aggregator.ThetaSketchAggregatorTest">
        <test-method status="PASS" signature="init()[pri:0, instance:in.zapr.druid.druidry.extensions.datasketches.aggregator.ThetaSketchAggregatorTest@be64738]" name="init" is-config="true" duration-ms="1" started-at="2023-02-15T14:11:12Z" finished-at="2023-02-15T14:11:12Z">
          <reporter-output>
          </reporter-output>
        </test-method> <!-- init -->
        <test-method status="PASS" signature="preconditionCheck()[pri:0, instance:in.zapr.druid.druidry.extensions.datasketches.aggregator.ThetaSketchAggregatorTest@be64738]" name="preconditionCheck" duration-ms="3" started-at="2023-02-15T14:11:12Z" finished-at="2023-02-15T14:11:12Z">
          <exception class="java.lang.IllegalArgumentException">
            <message>
              <![CDATA[size must be a power of 2]]>
            </message>
            <full-stacktrace>
              <![CDATA[java.lang.IllegalArgumentException: size must be a power of 2
	at com.google.common.base.Preconditions.checkArgument(Preconditions.java:135)
	at in.zapr.druid.druidry.extensions.datasketches.aggregator.ThetaSketchAggregator.<init>(ThetaSketchAggregator.java:53)
	at in.zapr.druid.druidry.extensions.datasketches.aggregator.ThetaSketchAggregator$ThetaSketchAggregatorBuilder.build(ThetaSketchAggregator.java:40)
	at in.zapr.druid.druidry.extensions.datasketches.aggregator.ThetaSketchAggregatorTest.preconditionCheck(ThetaSketchAggregatorTest.java:88)
	at sun.reflect.NativeMethodAccessorImpl.invoke0(Native Method)
	at sun.reflect.NativeMethodAccessorImpl.invoke(NativeMethodAccessorImpl.java:62)
	at sun.reflect.DelegatingMethodAccessorImpl.invoke(DelegatingMethodAccessorImpl.java:43)
	at java.lang.reflect.Method.invoke(Method.java:498)
	at org.testng.internal.MethodInvocationHelper.invokeMethod(MethodInvocationHelper.java:108)
	at org.testng.internal.Invoker.invokeMethod(Invoker.java:661)
	at org.testng.internal.Invoker.invokeTestMethod(Invoker.java:869)
	at org.testng.internal.Invoker.invokeTestMethods(Invoker.java:1193)
	at org.testng.internal.TestMethodWorker.invokeTestMethods(TestMethodWorker.java:126)
	at org.testng.internal.TestMethodWorker.run(TestMethodWorker.java:109)
	at org.testng.TestRunner.privateRun(TestRunner.java:744)
	at org.testng.TestRunner.run(TestRunner.java:602)
	at org.testng.SuiteRunner.runTest(SuiteRunner.java:380)
	at org.testng.SuiteRunner.runSequentially(SuiteRunner.java:375)
	at org.testng.SuiteRunner.privateRun(SuiteRunner.java:340)
	at org.testng.SuiteRunner.run(SuiteRunner.java:289)
	at org.testng.SuiteRunnerWorker.runSuite(SuiteRunnerWorker.java:52)
	at org.testng.SuiteRunnerWorker.run(SuiteRunnerWorker.java:86)
	at org.testng.TestNG.runSuitesSequentially(TestNG.java:1301)
	at org.testng.TestNG.runSuitesLocally(TestNG.java:1226)
	at org.testng.TestNG.runSuites(TestNG.java:1144)
	at org.testng.TestNG.run(TestNG.java:1115)
	at org.testng.remote.AbstractRemoteTestNG.run(AbstractRemoteTestNG.java:115)
	at org.testng.remote.RemoteTestNG.initAndRun(RemoteTestNG.java:251)
	at org.testng.remote.RemoteTestNG.main(RemoteTestNG.java:77)
]]>
            </full-stacktrace>
          </exception> <!-- java.lang.IllegalArgumentException -->
          <reporter-output>
          </reporter-output>
        </test-method> <!-- preconditionCheck -->
        <test-method status="PASS" signature="testAllFields()[pri:0, instance:in.zapr.druid.druidry.extensions.datasketches.aggregator.ThetaSketchAggregatorTest@be64738]" name="testAllFields" duration-ms="2" started-at="2023-02-15T14:11:12Z" finished-at="2023-02-15T14:11:12Z">
          <reporter-output>
          </reporter-output>
        </test-method> <!-- testAllFields -->
        <test-method status="PASS" signature="testNullFieldName()[pri:0, instance:in.zapr.druid.druidry.extensions.datasketches.aggregator.ThetaSketchAggregatorTest@be64738]" name="testNullFieldName" duration-ms="0" started-at="2023-02-15T14:11:12Z" finished-at="2023-02-15T14:11:12Z">
          <exception class="java.lang.NullPointerException">
            <message>
              <![CDATA[fieldName is marked non-null but is null]]>
            </message>
            <full-stacktrace>
              <![CDATA[java.lang.NullPointerException: fieldName is marked non-null but is null
	at in.zapr.druid.druidry.extensions.datasketches.aggregator.ThetaSketchAggregator.<init>(ThetaSketchAggregator.java:43)
	at in.zapr.druid.druidry.extensions.datasketches.aggregator.ThetaSketchAggregator$ThetaSketchAggregatorBuilder.build(ThetaSketchAggregator.java:40)
	at in.zapr.druid.druidry.extensions.datasketches.aggregator.ThetaSketchAggregatorTest.testNullFieldName(ThetaSketchAggregatorTest.java:104)
	at sun.reflect.NativeMethodAccessorImpl.invoke0(Native Method)
	at sun.reflect.NativeMethodAccessorImpl.invoke(NativeMethodAccessorImpl.java:62)
	at sun.reflect.DelegatingMethodAccessorImpl.invoke(DelegatingMethodAccessorImpl.java:43)
	at java.lang.reflect.Method.invoke(Method.java:498)
	at org.testng.internal.MethodInvocationHelper.invokeMethod(MethodInvocationHelper.java:108)
	at org.testng.internal.Invoker.invokeMethod(Invoker.java:661)
	at org.testng.internal.Invoker.invokeTestMethod(Invoker.java:869)
	at org.testng.internal.Invoker.invokeTestMethods(Invoker.java:1193)
	at org.testng.internal.TestMethodWorker.invokeTestMethods(TestMethodWorker.java:126)
	at org.testng.internal.TestMethodWorker.run(TestMethodWorker.java:109)
	at org.testng.TestRunner.privateRun(TestRunner.java:744)
	at org.testng.TestRunner.run(TestRunner.java:602)
	at org.testng.SuiteRunner.runTest(SuiteRunner.java:380)
	at org.testng.SuiteRunner.runSequentially(SuiteRunner.java:375)
	at org.testng.SuiteRunner.privateRun(SuiteRunner.java:340)
	at org.testng.SuiteRunner.run(SuiteRunner.java:289)
	at org.testng.SuiteRunnerWorker.runSuite(SuiteRunnerWorker.java:52)
	at org.testng.SuiteRunnerWorker.run(SuiteRunnerWorker.java:86)
	at org.testng.TestNG.runSuitesSequentially(TestNG.java:1301)
	at org.testng.TestNG.runSuitesLocally(TestNG.java:1226)
	at org.testng.TestNG.runSuites(TestNG.java:1144)
	at org.testng.TestNG.run(TestNG.java:1115)
	at org.testng.remote.AbstractRemoteTestNG.run(AbstractRemoteTestNG.java:115)
	at org.testng.remote.RemoteTestNG.initAndRun(RemoteTestNG.java:251)
	at org.testng.remote.RemoteTestNG.main(RemoteTestNG.java:77)
]]>
            </full-stacktrace>
          </exception> <!-- java.lang.NullPointerException -->
          <reporter-output>
          </reporter-output>
        </test-method> <!-- testNullFieldName -->
        <test-method status="PASS" signature="testNullName()[pri:0, instance:in.zapr.druid.druidry.extensions.datasketches.aggregator.ThetaSketchAggregatorTest@be64738]" name="testNullName" duration-ms="0" started-at="2023-02-15T14:11:12Z" finished-at="2023-02-15T14:11:12Z">
          <exception class="java.lang.NullPointerException">
            <message>
              <![CDATA[name is marked non-null but is null]]>
            </message>
            <full-stacktrace>
              <![CDATA[java.lang.NullPointerException: name is marked non-null but is null
	at in.zapr.druid.druidry.extensions.datasketches.aggregator.ThetaSketchAggregator.<init>(ThetaSketchAggregator.java:42)
	at in.zapr.druid.druidry.extensions.datasketches.aggregator.ThetaSketchAggregator$ThetaSketchAggregatorBuilder.build(ThetaSketchAggregator.java:40)
	at in.zapr.druid.druidry.extensions.datasketches.aggregator.ThetaSketchAggregatorTest.testNullName(ThetaSketchAggregatorTest.java:96)
	at sun.reflect.NativeMethodAccessorImpl.invoke0(Native Method)
	at sun.reflect.NativeMethodAccessorImpl.invoke(NativeMethodAccessorImpl.java:62)
	at sun.reflect.DelegatingMethodAccessorImpl.invoke(DelegatingMethodAccessorImpl.java:43)
	at java.lang.reflect.Method.invoke(Method.java:498)
	at org.testng.internal.MethodInvocationHelper.invokeMethod(MethodInvocationHelper.java:108)
	at org.testng.internal.Invoker.invokeMethod(Invoker.java:661)
	at org.testng.internal.Invoker.invokeTestMethod(Invoker.java:869)
	at org.testng.internal.Invoker.invokeTestMethods(Invoker.java:1193)
	at org.testng.internal.TestMethodWorker.invokeTestMethods(TestMethodWorker.java:126)
	at org.testng.internal.TestMethodWorker.run(TestMethodWorker.java:109)
	at org.testng.TestRunner.privateRun(TestRunner.java:744)
	at org.testng.TestRunner.run(TestRunner.java:602)
	at org.testng.SuiteRunner.runTest(SuiteRunner.java:380)
	at org.testng.SuiteRunner.runSequentially(SuiteRunner.java:375)
	at org.testng.SuiteRunner.privateRun(SuiteRunner.java:340)
	at org.testng.SuiteRunner.run(SuiteRunner.java:289)
	at org.testng.SuiteRunnerWorker.runSuite(SuiteRunnerWorker.java:52)
	at org.testng.SuiteRunnerWorker.run(SuiteRunnerWorker.java:86)
	at org.testng.TestNG.runSuitesSequentially(TestNG.java:1301)
	at org.testng.TestNG.runSuitesLocally(TestNG.java:1226)
	at org.testng.TestNG.runSuites(TestNG.java:1144)
	at org.testng.TestNG.run(TestNG.java:1115)
	at org.testng.remote.AbstractRemoteTestNG.run(AbstractRemoteTestNG.java:115)
	at org.testng.remote.RemoteTestNG.initAndRun(RemoteTestNG.java:251)
	at org.testng.remote.RemoteTestNG.main(RemoteTestNG.java:77)
]]>
            </full-stacktrace>
          </exception> <!-- java.lang.NullPointerException -->
          <reporter-output>
          </reporter-output>
        </test-method> <!-- testNullName -->
        <test-method status="PASS" signature="testRequiredFields()[pri:0, instance:in.zapr.druid.druidry.extensions.datasketches.aggregator.ThetaSketchAggregatorTest@be64738]" name="testRequiredFields" duration-ms="0" started-at="2023-02-15T14:11:12Z" finished-at="2023-02-15T14:11:12Z">
          <reporter-output>
          </reporter-output>
        </test-method> <!-- testRequiredFields -->
      </class> <!-- in.zapr.druid.druidry.extensions.datasketches.aggregator.ThetaSketchAggregatorTest -->
      <class name="in.zapr.druid.druidry.extensions.histogram.postAggregator.MinPostAggregatorTest">
        <test-method status="PASS" signature="testAllFields()[pri:0, instance:in.zapr.druid.druidry.extensions.histogram.postAggregator.MinPostAggregatorTest@6f96c77]" name="testAllFields" duration-ms="2" started-at="2023-02-15T14:11:12Z" finished-at="2023-02-15T14:11:12Z">
          <reporter-output>
          </reporter-output>
        </test-method> <!-- testAllFields -->
        <test-method status="PASS" signature="init()[pri:0, instance:in.zapr.druid.druidry.extensions.histogram.postAggregator.MinPostAggregatorTest@6f96c77]" name="init" is-config="true" duration-ms="0" started-at="2023-02-15T14:11:12Z" finished-at="2023-02-15T14:11:12Z">
          <reporter-output>
          </reporter-output>
        </test-method> <!-- init -->
        <test-method status="PASS" signature="testMissingFieldNameFields()[pri:0, instance:in.zapr.druid.druidry.extensions.histogram.postAggregator.MinPostAggregatorTest@6f96c77]" name="testMissingFieldNameFields" duration-ms="0" started-at="2023-02-15T14:11:12Z" finished-at="2023-02-15T14:11:12Z">
          <exception class="java.lang.NullPointerException">
            <message>
[...]
          <reporter-output>
          </reporter-output>
        </test-method> <!-- testEqualsWithAnotherSubClass -->
        <test-method status="PASS" signature="testMissingAggregateFunctionField()[pri:0, instance:in.zapr.druid.druidry.aggregator.JavaScriptAggregatorTest@7722c3c3]" name="testMissingAggregateFunctionField" duration-ms="1" started-at="2023-02-15T14:11:12Z" finished-at="2023-02-15T14:11:12Z">
          <exception class="java.lang.NullPointerException">
            <message>
              <![CDATA[functionAggregate is marked non-null but is null]]>
            </message>
            <full-stacktrace>
              <![CDATA[java.lang.NullPointerException: functionAggregate is marked non-null but is null
	at in.zapr.druid.druidry.aggregator.JavaScriptAggregator.<init>(JavaScriptAggregator.java:48)
	at in.zapr.druid.druidry.aggregator.JavaScriptAggregator.<init>(JavaScriptAggregator.java:30)
	at in.zapr.druid.druidry.aggregator.JavaScriptAggregator$JavaScriptAggregatorBuilder.build(JavaScriptAggregator.java:45)
	at in.zapr.druid.druidry.aggregator.JavaScriptAggregatorTest.testMissingAggregateFunctionField(JavaScriptAggregatorTest.java:111)
	at sun.reflect.NativeMethodAccessorImpl.invoke0(Native Method)
	at sun.reflect.NativeMethodAccessorImpl.invoke(NativeMethodAccessorImpl.java:62)
	at sun.reflect.DelegatingMethodAccessorImpl.invoke(DelegatingMethodAccessorImpl.java:43)
	at java.lang.reflect.Method.invoke(Method.java:498)
	at org.testng.internal.MethodInvocationHelper.invokeMethod(MethodInvocationHelper.java:108)
	at org.testng.internal.Invoker.invokeMethod(Invoker.java:661)
	at org.testng.internal.Invoker.invokeTestMethod(Invoker.java:869)
	at org.testng.internal.Invoker.invokeTestMethods(Invoker.java:1193)
	at org.testng.internal.TestMethodWorker.invokeTestMethods(TestMethodWorker.java:126)
	at org.testng.internal.TestMethodWorker.run(TestMethodWorker.java:109)
	at org.testng.TestRunner.privateRun(TestRunner.java:744)
	at org.testng.TestRunner.run(TestRunner.java:602)
	at org.testng.SuiteRunner.runTest(SuiteRunner.java:380)
	at org.testng.SuiteRunner.runSequentially(SuiteRunner.java:375)
	at org.testng.SuiteRunner.privateRun(SuiteRunner.java:340)
	at org.testng.SuiteRunner.run(SuiteRunner.java:289)
	at org.testng.SuiteRunnerWorker.runSuite(SuiteRunnerWorker.java:52)
	at org.testng.SuiteRunnerWorker.run(SuiteRunnerWorker.java:86)
	at org.testng.TestNG.runSuitesSequentially(TestNG.java:1301)
	at org.testng.TestNG.runSuitesLocally(TestNG.java:1226)
	at org.testng.TestNG.runSuites(TestNG.java:1144)
	at org.testng.TestNG.run(TestNG.java:1115)
	at org.testng.remote.AbstractRemoteTestNG.run(AbstractRemoteTestNG.java:115)
	at org.testng.remote.RemoteTestNG.initAndRun(RemoteTestNG.java:251)
	at org.testng.remote.RemoteTestNG.main(RemoteTestNG.java:77)
]]>
            </full-stacktrace>
          </exception> <!-- java.lang.NullPointerException -->
          <reporter-output>
          </reporter-output>
        </test-method> <!-- testMissingAggregateFunctionField -->
        <test-method status="PASS" signature="testMissingCombineFunctionField()[pri:0, instance:in.zapr.druid.druidry.aggregator.JavaScriptAggregatorTest@7722c3c3]" name="testMissingCombineFunctionField" duration-ms="0" started-at="2023-02-15T14:11:12Z" finished-at="2023-02-15T14:11:12Z">
          <exception class="java.lang.NullPointerException">
            <message>
              <![CDATA[functionCombine is marked non-null but is null]]>
            </message>
            <full-stacktrace>
              <![CDATA[java.lang.NullPointerException: functionCombine is marked non-null but is null
	at in.zapr.druid.druidry.aggregator.JavaScriptAggregator.<init>(JavaScriptAggregator.java:49)
	at in.zapr.druid.druidry.aggregator.JavaScriptAggregator.<init>(JavaScriptAggregator.java:30)
	at in.zapr.druid.druidry.aggregator.JavaScriptAggregator$JavaScriptAggregatorBuilder.build(JavaScriptAggregator.java:45)
	at in.zapr.druid.druidry.aggregator.JavaScriptAggregatorTest.testMissingCombineFunctionField(JavaScriptAggregatorTest.java:124)
	at sun.reflect.NativeMethodAccessorImpl.invoke0(Native Method)
	at sun.reflect.NativeMethodAccessorImpl.invoke(NativeMethodAccessorImpl.java:62)
	at sun.reflect.DelegatingMethodAccessorImpl.invoke(DelegatingMethodAccessorImpl.java:43)
	at java.lang.reflect.Method.invoke(Method.java:498)
	at org.testng.internal.MethodInvocationHelper.invokeMethod(MethodInvocationHelper.java:108)
	at org.testng.internal.Invoker.invokeMethod(Invoker.java:661)
	at org.testng.internal.Invoker.invokeTestMethod(Invoker.java:869)
	at org.testng.internal.Invoker.invokeTestMethods(Invoker.java:1193)
	at org.testng.internal.TestMethodWorker.invokeTestMethods(TestMethodWorker.java:126)
	at org.testng.internal.TestMethodWorker.run(TestMethodWorker.java:109)
	at org.testng.TestRunner.privateRun(TestRunner.java:744)
	at org.testng.TestRunner.run(TestRunner.java:602)
	at org.testng.SuiteRunner.runTest(SuiteRunner.java:380)
	at org.testng.SuiteRunner.runSequentially(SuiteRunner.java:375)
	at org.testng.SuiteRunner.privateRun(SuiteRunner.java:340)
	at org.testng.SuiteRunner.run(SuiteRunner.java:289)
	at org.testng.SuiteRunnerWorker.runSuite(SuiteRunnerWorker.java:52)
	at org.testng.SuiteRunnerWorker.run(SuiteRunnerWorker.java:86)
	at org.testng.TestNG.runSuitesSequentially(TestNG.java:1301)
	at org.testng.TestNG.runSuitesLocally(TestNG.java:1226)
	at org.testng.TestNG.runSuites(TestNG.java:1144)
	at org.testng.TestNG.run(TestNG.java:1115)
	at org.testng.remote.AbstractRemoteTestNG.run(AbstractRemoteTestNG.java:115)
	at org.testng.remote.RemoteTestNG.initAndRun(RemoteTestNG.java:251)
	at org.testng.remote.RemoteTestNG.main(RemoteTestNG.java:77)
]]>
            </full-stacktrace>
          </exception> <!-- java.lang.NullPointerException -->
          <reporter-output>
          </reporter-output>
        </test-method> <!-- testMissingCombineFunctionField -->
        <test-method status="PASS" signature="testMissingFieldNamesField()[pri:0, instance:in.zapr.druid.druidry.aggregator.JavaScriptAggregatorTest@7722c3c3]" name="testMissingFieldNamesField" duration-ms="0" started-at="2023-02-15T14:11:12Z" finished-at="2023-02-15T14:11:12Z">
          <exception class="java.lang.NullPointerException">
            <message>
              <![CDATA[fieldNames is marked non-null but is null]]>
            </message>
            <full-stacktrace>
              <![CDATA[java.lang.NullPointerException: fieldNames is marked non-null but is null
	at in.zapr.druid.druidry.aggregator.JavaScriptAggregator.<init>(JavaScriptAggregator.java:47)
	at in.zapr.druid.druidry.aggregator.JavaScriptAggregator.<init>(JavaScriptAggregator.java:30)
	at in.zapr.druid.druidry.aggregator.JavaScriptAggregator$JavaScriptAggregatorBuilder.build(JavaScriptAggregator.java:45)
	at in.zapr.druid.druidry.aggregator.JavaScriptAggregatorTest.testMissingFieldNamesField(JavaScriptAggregatorTest.java:98)
	at sun.reflect.NativeMethodAccessorImpl.invoke0(Native Method)
	at sun.reflect.NativeMethodAccessorImpl.invoke(NativeMethodAccessorImpl.java:62)
	at sun.reflect.DelegatingMethodAccessorImpl.invoke(DelegatingMethodAccessorImpl.java:43)
	at java.lang.reflect.Method.invoke(Method.java:498)
	at org.testng.internal.MethodInvocationHelper.invokeMethod(MethodInvocationHelper.java:108)
	at org.testng.internal.Invoker.invokeMethod(Invoker.java:661)
	at org.testng.internal.Invoker.invokeTestMethod(Invoker.java:869)
	at org.testng.internal.Invoker.invokeTestMethods(Invoker.java:1193)
	at org.testng.internal.TestMethodWorker.invokeTestMethods(TestMethodWorker.java:126)
	at org.testng.internal.TestMethodWorker.run(TestMethodWorker.java:109)
	at org.testng.TestRunner.privateRun(TestRunner.java:744)
	at org.testng.TestRunner.run(TestRunner.java:602)
	at org.testng.SuiteRunner.runTest(SuiteRunner.java:380)
	at org.testng.SuiteRunner.runSequentially(SuiteRunner.java:375)
	at org.testng.SuiteRunner.privateRun(SuiteRunner.java:340)
	at org.testng.SuiteRunner.run(SuiteRunner.java:289)
	at org.testng.SuiteRunnerWorker.runSuite(SuiteRunnerWorker.java:52)
	at org.testng.SuiteRunnerWorker.run(SuiteRunnerWorker.java:86)
	at org.testng.TestNG.runSuitesSequentially(TestNG.java:1301)
	at org.testng.TestNG.runSuitesLocally(TestNG.java:1226)
	at org.testng.TestNG.runSuites(TestNG.java:1144)
	at org.testng.TestNG.run(TestNG.java:1115)
	at org.testng.remote.AbstractRemoteTestNG.run(AbstractRemoteTestNG.java:115)
	at org.testng.remote.RemoteTestNG.initAndRun(RemoteTestNG.java:251)
	at org.testng.remote.RemoteTestNG.main(RemoteTestNG.java:77)
]]>
            </full-stacktrace>
          </exception> <!-- java.lang.NullPointerException -->
          <reporter-output>
          </reporter-output>
        </test-method> <!-- testMissingFieldNamesField -->
        <test-method status="PASS" signature="testMissingNameField()[pri:0, instance:in.zapr.druid.druidry.aggregator.JavaScriptAggregatorTest@7722c3c3]" name="testMissingNameField" duration-ms="0" started-at="2023-02-15T14:11:12Z" finished-at="2023-02-15T14:11:12Z">
          <exception class="java.lang.NullPointerException">
            <message>
              <![CDATA[name is marked non-null but is null]]>
            </message>
            <full-stacktrace>
              <![CDATA[java.lang.NullPointerException: name is marked non-null but is null
	at in.zapr.druid.druidry.aggregator.JavaScriptAggregator.<init>(JavaScriptAggregator.java:46)
	at in.zapr.druid.druidry.aggregator.JavaScriptAggregator.<init>(JavaScriptAggregator.java:30)
	at in.zapr.druid.druidry.aggregator.JavaScriptAggregator$JavaScriptAggregatorBuilder.build(JavaScriptAggregator.java:45)
	at in.zapr.druid.druidry.aggregator.JavaScriptAggregatorTest.testMissingNameField(JavaScriptAggregatorTest.java:85)
	at sun.reflect.NativeMethodAccessorImpl.invoke0(Native Method)
	at sun.reflect.NativeMethodAccessorImpl.invoke(NativeMethodAccessorImpl.java:62)
	at sun.reflect.DelegatingMethodAccessorImpl.invoke(DelegatingMethodAccessorImpl.java:43)
	at java.lang.reflect.Method.invoke(Method.java:498)
	at org.testng.internal.MethodInvocationHelper.invokeMethod(MethodInvocationHelper.java:108)
	at org.testng.internal.Invoker.invokeMethod(Invoker.java:661)
	at org.testng.internal.Invoker.invokeTestMethod(Invoker.java:869)
	at org.testng.internal.Invoker.invokeTestMethods(Invoker.java:1193)
	at org.testng.internal.TestMethodWorker.invokeTestMethods(TestMethodWorker.java:126)
	at org.testng.internal.TestMethodWorker.run(TestMethodWorker.java:109)
	at org.testng.TestRunner.privateRun(TestRunner.java:744)
	at org.testng.TestRunner.run(TestRunner.java:602)
	at org.testng.SuiteRunner.runTest(SuiteRunner.java:380)
	at org.testng.SuiteRunner.runSequentially(SuiteRunner.java:375)
	at org.testng.SuiteRunner.privateRun(SuiteRunner.java:340)
	at org.testng.SuiteRunner.run(SuiteRunner.java:289)
	at org.testng.SuiteRunnerWorker.runSuite(SuiteRunnerWorker.java:52)
	at org.testng.SuiteRunnerWorker.run(SuiteRunnerWorker.java:86)
	at org.testng.TestNG.runSuitesSequentially(TestNG.java:1301)
	at org.testng.TestNG.runSuitesLocally(TestNG.java:1226)
	at org.testng.TestNG.runSuites(TestNG.java:1144)
	at org.testng.TestNG.run(TestNG.java:1115)
	at org.testng.remote.AbstractRemoteTestNG.run(AbstractRemoteTestNG.java:115)
	at org.testng.remote.RemoteTestNG.initAndRun(RemoteTestNG.java:251)
	at org.testng.remote.RemoteTestNG.main(RemoteTestNG.java:77)
]]>
            </full-stacktrace>
          </exception> <!-- java.lang.NullPointerException -->
          <reporter-output>
          </reporter-output>
        </test-method> <!-- testMissingNameField -->
        <test-method status="PASS" signature="testMissingResetFunctionField()[pri:0, instance:in.zapr.druid.druidry.aggregator.JavaScriptAggregatorTest@7722c3c3]" name="testMissingResetFunctionField" duration-ms="1" started-at="2023-02-15T14:11:12Z" finished-at="2023-02-15T14:11:12Z">
          <exception class="java.lang.NullPointerException">
            <message>
              <![CDATA[functionReset is marked non-null but is null]]>
            </message>
            <full-stacktrace>
              <![CDATA[java.lang.NullPointerException: functionReset is marked non-null but is null
	at in.zapr.druid.druidry.aggregator.JavaScriptAggregator.<init>(JavaScriptAggregator.java:50)
	at in.zapr.druid.druidry.aggregator.JavaScriptAggregator.<init>(JavaScriptAggregator.java:30)
	at in.zapr.druid.druidry.aggregator.JavaScriptAggregator$JavaScriptAggregatorBuilder.build(JavaScriptAggregator.java:45)
	at in.zapr.druid.druidry.aggregator.JavaScriptAggregatorTest.testMissingResetFunctionField(JavaScriptAggregatorTest.java:137)
	at sun.reflect.NativeMethodAccessorImpl.invoke0(Native Method)
	at sun.reflect.NativeMethodAccessorImpl.invoke(NativeMethodAccessorImpl.java:62)
	at sun.reflect.DelegatingMethodAccessorImpl.invoke(DelegatingMethodAccessorImpl.java:43)
	at java.lang.reflect.Method.invoke(Method.java:498)
	at org.testng.internal.MethodInvocationHelper.invokeMethod(MethodInvocationHelper.java:108)
	at org.testng.internal.Invoker.invokeMethod(Invoker.java:661)
	at org.testng.internal.Invoker.invokeTestMethod(Invoker.java:869)
	at org.testng.internal.Invoker.invokeTestMethods(Invoker.java:1193)
	at org.testng.internal.TestMethodWorker.invokeTestMethods(TestMethodWorker.java:126)
	at org.testng.internal.TestMethodWorker.run(TestMethodWorker.java:109)
	at org.testng.TestRunner.privateRun(TestRunner.java:744)
	at org.testng.TestRunner.run(TestRunner.java:602)
	at org.testng.SuiteRunner.runTest(SuiteRunner.java:380)
	at org.testng.SuiteRunner.runSequentially(SuiteRunner.java:375)
	at org.testng.SuiteRunner.privateRun(SuiteRunner.java:340)
	at org.testng.SuiteRunner.run(SuiteRunner.java:289)
	at org.testng.SuiteRunnerWorker.runSuite(SuiteRunnerWorker.java:52)
	at org.testng.SuiteRunnerWorker.run(SuiteRunnerWorker.java:86)
	at org.testng.TestNG.runSuitesSequentially(TestNG.java:1301)
	at org.testng.TestNG.runSuitesLocally(TestNG.java:1226)
	at org.testng.TestNG.runSuites(TestNG.java:1144)
	at org.testng.TestNG.run(TestNG.java:1115)
	at org.testng.remote.AbstractRemoteTestNG.run(AbstractRemoteTestNG.java:115)
	at org.testng.remote.RemoteTestNG.initAndRun(RemoteTestNG.java:251)
	at org.testng.remote.RemoteTestNG.main(RemoteTestNG.java:77)
]]>
            </full-stacktrace>
          </exception> <!-- java.lang.NullPointerException -->
          <reporter-output>
          </reporter-output>
        </test-method> <!-- testMissingResetFunctionField -->
      </class> <!-- in.zapr.druid.druidry.aggregator.JavaScriptAggregatorTest -->
      <class name="in.zapr.druid.druidry.aggregator.LongSumAggregatorTest">
        <test-method status="PASS" signature="init()[pri:0, instance:in.zapr.druid.druidry.aggregator.LongSumAggregatorTest@2ef3eef9]" name="init" is-config="true" duration-ms="2" started-at="2023-02-15T14:11:12Z" finished-at="2023-02-15T14:11:12Z">
          <reporter-output>
          </reporter-output>
        </test-method> <!-- init -->
        <test-method status="PASS" signature="testAllFields()[pri:0, instance:in.zapr.druid.druidry.aggregator.LongSumAggregatorTest@2ef3eef9]" name="testAllFields" duration-ms="5" started-at="2023-02-15T14:11:12Z" finished-at="2023-02-15T14:11:12Z">
          <reporter-output>
          </reporter-output>
        </test-method> <!-- testAllFields -->
        <test-method status="PASS" signature="testAllFieldsButFieldName()[pri:0, instance:in.zapr.druid.druidry.aggregator.LongSumAggregatorTest@2ef3eef9]" name="testAllFieldsButFieldName" duration-ms="1" started-at="2023-02-15T14:11:12Z" finished-at="2023-02-15T14:11:12Z">
          <reporter-output>
          </reporter-output>
        </test-method> <!-- testAllFieldsButFieldName -->
        <test-method status="PASS" signature="testEqualsNegative()[pri:0, instance:in.zapr.druid.druidry.aggregator.LongSumAggregatorTest@2ef3eef9]" name="testEqualsNegative" duration-ms="1" started-at="2023-02-15T14:11:12Z" finished-at="2023-02-15T14:11:12Z">
          <reporter-output>
          </reporter-output>
        </test-method> <!-- testEqualsNegative -->
        <test-method status="PASS" signature="testEqualsPositive()[pri:0, instance:in.zapr.druid.druidry.aggregator.LongSumAggregatorTest@2ef3eef9]" name="testEqualsPositive" duration-ms="0" started-at="2023-02-15T14:11:12Z" finished-at="2023-02-15T14:11:12Z">
          <reporter-output>
          </reporter-output>
        </test-method> <!-- testEqualsPositive -->
        <test-method status="PASS" signature="testEqualsWithAnotherSubClass()[pri:0, instance:in.zapr.druid.druidry.aggregator.LongSumAggregatorTest@2ef3eef9]" name="testEqualsWithAnotherSubClass" duration-ms="0" started-at="2023-02-15T14:11:12Z" finished-at="2023-02-15T14:11:12Z">
          <reporter-output>
          </reporter-output>
        </test-method> <!-- testEqualsWithAnotherSubClass -->
        <test-method status="PASS" signature="testNullName()[pri:0, instance:in.zapr.druid.druidry.aggregator.LongSumAggregatorTest@2ef3eef9]" name="testNullName" duration-ms="0" started-at="2023-02-15T14:11:12Z" finished-at="2023-02-15T14:11:12Z">
          <exception class="java.lang.NullPointerException">
            <message>
              <![CDATA[name is marked non-null but is null]]>
            </message>
            <full-stacktrace>
              <![CDATA[java.lang.NullPointerException: name is marked non-null but is null
	at in.zapr.druid.druidry.aggregator.LongSumAggregator.<init>(LongSumAggregator.java:46)
	at in.zapr.druid.druidry.aggregator.LongSumAggregator.<init>(LongSumAggregator.java:31)
	at in.zapr.druid.druidry.aggregator.LongSumAggregator$LongSumAggregatorBuilder.build(LongSumAggregator.java:45)
	at in.zapr.druid.druidry.aggregator.LongSumAggregatorTest.testNullName(LongSumAggregatorTest.java:83)
	at sun.reflect.NativeMethodAccessorImpl.invoke0(Native Method)
	at sun.reflect.NativeMethodAccessorImpl.invoke(NativeMethodAccessorImpl.java:62)
	at sun.reflect.DelegatingMethodAccessorImpl.invoke(DelegatingMethodAccessorImpl.java:43)
	at java.lang.reflect.Method.invoke(Method.java:498)
	at org.testng.internal.MethodInvocationHelper.invokeMethod(MethodInvocationHelper.java:108)
	at org.testng.internal.Invoker.invokeMethod(Invoker.java:661)
	at org.testng.internal.Invoker.invokeTestMethod(Invoker.java:869)
	at org.testng.internal.Invoker.invokeTestMethods(Invoker.java:1193)
	at org.testng.internal.TestMethodWorker.invokeTestMethods(TestMethodWorker.java:126)
	at org.testng.internal.TestMethodWorker.run(TestMethodWorker.java:109)
	at org.testng.TestRunner.privateRun(TestRunner.java:744)
	at org.testng.TestRunner.run(TestRunner.java:602)
	at org.testng.SuiteRunner.runTest(SuiteRunner.java:380)
	at org.testng.SuiteRunner.runSequentially(SuiteRunner.java:375)
	at org.testng.SuiteRunner.privateRun(SuiteRunner.java:340)
	at org.testng.SuiteRunner.run(SuiteRunner.java:289)
	at org.testng.SuiteRunnerWorker.runSuite(SuiteRunnerWorker.java:52)
	at org.testng.SuiteRunnerWorker.run(SuiteRunnerWorker.java:86)
	at org.testng.TestNG.runSuitesSequentially(TestNG.java:1301)
	at org.testng.TestNG.runSuitesLocally(TestNG.java:1226)
	at org.testng.TestNG.runSuites(TestNG.java:1144)
	at org.testng.TestNG.run(TestNG.java:1115)
	at org.testng.remote.AbstractRemoteTestNG.run(AbstractRemoteTestNG.java:115)
	at org.testng.remote.RemoteTestNG.initAndRun(RemoteTestNG.java:251)
	at org.testng.remote.RemoteTestNG.main(RemoteTestNG.java:77)
]]>
            </full-stacktrace>
          </exception> <!-- java.lang.NullPointerException -->
          <reporter-output>
          </reporter-output>
        </test-method> <!-- testNullName -->
      </class> <!-- in.zapr.druid.druidry.aggregator.LongSumAggregatorTest -->
    </test> <!-- Default test -->
  </suite> <!-- Default suite -->
</testng-results>
